#
# There is insufficient memory for the Java Runtime Environment to continue.
# Native memory allocation (malloc) failed to allocate 1516656 bytes for Chunk::new
# Possible reasons:
#   The system is out of physical RAM or swap space
#   The process is running with CompressedOops enabled, and the Java Heap may be blocking the growth of the native heap
# Possible solutions:
#   Reduce memory load on the system
#   Increase physical memory or swap space
#   Check if swap backing store is full
#   Decrease Java heap size (-Xmx/-Xms)
#   Decrease number of Java threads
#   Decrease Java thread stack sizes (-Xss)
#   Set larger code cache with -XX:ReservedCodeCacheSize=
#   JVM is running with Unscaled Compressed Oops mode in which the Java heap is
#     placed in the first 4GB address space. The Java Heap base address is the
#     maximum limit for the native heap growth. Please use -XX:HeapBaseMinAddress
#     to set the Java Heap base and to place the Java Heap above 4GB virtual address.
# This output file may be truncated or incomplete.
#
#  Out of Memory Error (arena.cpp:189), pid=10892, tid=20904
#
# JRE version: OpenJDK Runtime Environment Temurin-17.0.4+8 (17.0.4+8) (build 17.0.4+8)
# Java VM: OpenJDK 64-Bit Server VM Temurin-17.0.4+8 (17.0.4+8, mixed mode, tiered, compressed oops, compressed class ptrs, parallel gc, windows-amd64)
# No core dump will be written. Minidumps are not enabled by default on client versions of Windows
#

---------------  S U M M A R Y ------------

Command Line: --add-modules=ALL-SYSTEM --add-opens=java.base/java.util=ALL-UNNAMED --add-opens=java.base/java.lang=ALL-UNNAMED --add-opens=java.base/sun.nio.fs=ALL-UNNAMED -Declipse.application=org.eclipse.jdt.ls.core.id1 -Dosgi.bundles.defaultStartLevel=4 -Declipse.product=org.eclipse.jdt.ls.core.product -Djava.import.generatesMetadataFilesAtProjectRoot=false -Dfile.encoding=utf8 -DwatchParentProcess=false -XX:+UseParallelGC -XX:GCTimeRatio=4 -XX:AdaptiveSizePolicyWeight=90 -Dsun.zip.disableMemoryMapping=true -Xmx1G -Xms100m -Xlog:jni+resolve=off -javaagent:c:\Users\Master\.vscode\extensions\redhat.java-1.10.0-win32-x64\lombok\lombok-1.18.24.jar -XX:+HeapDumpOnOutOfMemoryError -XX:HeapDumpPath=c:\Users\Master\AppData\Roaming\Code\User\workspaceStorage\26dc053a8745da9b9e349b27af862b50\redhat.java c:\Users\Master\.vscode\extensions\redhat.java-1.10.0-win32-x64\server\plugins\org.eclipse.equinox.launcher_1.6.400.v20210924-0641.jar -configuration c:\Users\Master\AppData\Roaming\Code\User\globalStorage\redhat.java\1.10.0\config_win -data c:\Users\Master\AppData\Roaming\Code\User\workspaceStorage\26dc053a8745da9b9e349b27af862b50\redhat.java\jdt_ws

Host: AMD Ryzen 5 3600 6-Core Processor              , 12 cores, 7G,  Windows 10 , 64 bit Build 19041 (10.0.19041.1889)
Time: Wed Sep 21 04:54:06 2022 Hora oficial do Brasil elapsed time: 2.925026 seconds (0d 0h 0m 2s)

---------------  T H R E A D  ---------------

Current thread (0x0000027a47d9ea00):  JavaThread "C2 CompilerThread1" daemon [_thread_in_native, id=20904, stack(0x000000aab3600000,0x000000aab3700000)]


Current CompileTask:
C2:   2925 3208       4       org.objectweb.asm.ClassReader::readMethod (1066 bytes)

Stack: [0x000000aab3600000,0x000000aab3700000]
Native frames: (J=compiled Java code, j=interpreted, Vv=VM code, C=native code)
V  [jvm.dll+0x67733a]
V  [jvm.dll+0x8323c4]
V  [jvm.dll+0x833b6e]
V  [jvm.dll+0x8341d3]
V  [jvm.dll+0x2455e5]
V  [jvm.dll+0xabd7b]
V  [jvm.dll+0xac30c]
V  [jvm.dll+0x363a22]
V  [jvm.dll+0x32de81]
V  [jvm.dll+0x32d32a]
V  [jvm.dll+0x2184d1]
V  [jvm.dll+0x2178f1]
V  [jvm.dll+0x1a3f8d]
V  [jvm.dll+0x227308]
V  [jvm.dll+0x225455]
V  [jvm.dll+0x7e7eeb]
V  [jvm.dll+0x7e245a]
V  [jvm.dll+0x6761c5]
C  [ucrtbase.dll+0x21bb2]
C  [KERNEL32.DLL+0x17034]
C  [ntdll.dll+0x526a1]


---------------  P R O C E S S  ---------------

Threads class SMR info:
_java_thread_list=0x0000027a4a35f3f0, length=23, elements={
0x0000027a31f25a90, 0x0000027a47a78760, 0x0000027a47a79ab0, 0x0000027a45dba910,
0x0000027a45dbd0e0, 0x0000027a45dbddb0, 0x0000027a45dbe980, 0x0000027a47aadd80,
0x0000027a47ab5c90, 0x0000027a47ab7250, 0x0000027a31fe2560, 0x0000027a47d742a0,
0x0000027a47d9ea00, 0x0000027a49315ef0, 0x0000027a4a538200, 0x0000027a49480b70,
0x0000027a4a5bc810, 0x0000027a4a1a7020, 0x0000027a4a73c6a0, 0x0000027a4a879c90,
0x0000027a4a878950, 0x0000027a4a878e20, 0x0000027a4a8767a0
}

Java Threads: ( => current thread )
  0x0000027a31f25a90 JavaThread "main" [_thread_blocked, id=11184, stack(0x000000aab2700000,0x000000aab2800000)]
  0x0000027a47a78760 JavaThread "Reference Handler" daemon [_thread_blocked, id=12328, stack(0x000000aab2a00000,0x000000aab2b00000)]
  0x0000027a47a79ab0 JavaThread "Finalizer" daemon [_thread_blocked, id=24080, stack(0x000000aab2b00000,0x000000aab2c00000)]
  0x0000027a45dba910 JavaThread "Signal Dispatcher" daemon [_thread_blocked, id=12928, stack(0x000000aab2c00000,0x000000aab2d00000)]
  0x0000027a45dbd0e0 JavaThread "Attach Listener" daemon [_thread_blocked, id=25508, stack(0x000000aab2d00000,0x000000aab2e00000)]
  0x0000027a45dbddb0 JavaThread "Service Thread" daemon [_thread_blocked, id=21192, stack(0x000000aab2e00000,0x000000aab2f00000)]
  0x0000027a45dbe980 JavaThread "Monitor Deflation Thread" daemon [_thread_blocked, id=22316, stack(0x000000aab2f00000,0x000000aab3000000)]
  0x0000027a47aadd80 JavaThread "C2 CompilerThread0" daemon [_thread_in_native, id=24484, stack(0x000000aab3000000,0x000000aab3100000)]
  0x0000027a47ab5c90 JavaThread "C1 CompilerThread0" daemon [_thread_in_native, id=12252, stack(0x000000aab3100000,0x000000aab3200000)]
  0x0000027a47ab7250 JavaThread "Sweeper thread" daemon [_thread_blocked, id=20364, stack(0x000000aab3200000,0x000000aab3300000)]
  0x0000027a31fe2560 JavaThread "Common-Cleaner" daemon [_thread_blocked, id=24992, stack(0x000000aab3300000,0x000000aab3400000)]
  0x0000027a47d742a0 JavaThread "Notification Thread" daemon [_thread_blocked, id=3640, stack(0x000000aab3400000,0x000000aab3500000)]
=>0x0000027a47d9ea00 JavaThread "C2 CompilerThread1" daemon [_thread_in_native, id=20904, stack(0x000000aab3600000,0x000000aab3700000)]
  0x0000027a49315ef0 JavaThread "Active Thread: Equinox Container: 840cc657-8b7f-49e5-ac4e-13e15c043138" [_thread_blocked, id=16372, stack(0x000000aab3c00000,0x000000aab3d00000)]
  0x0000027a4a538200 JavaThread "Framework Event Dispatcher: Equinox Container: 840cc657-8b7f-49e5-ac4e-13e15c043138" daemon [_thread_blocked, id=23328, stack(0x000000aab3d00000,0x000000aab3e00000)]
  0x0000027a49480b70 JavaThread "Start Level: Equinox Container: 840cc657-8b7f-49e5-ac4e-13e15c043138" daemon [_thread_in_native, id=19116, stack(0x000000aab3e00000,0x000000aab3f00000)]
  0x0000027a4a5bc810 JavaThread "SCR Component Actor" daemon [_thread_blocked, id=8612, stack(0x000000aab3f00000,0x000000aab4000000)]
  0x0000027a4a1a7020 JavaThread "SCR Component Registry" daemon [_thread_blocked, id=21328, stack(0x000000aab4200000,0x000000aab4300000)]
  0x0000027a4a73c6a0 JavaThread "Bundle File Closer" daemon [_thread_blocked, id=20368, stack(0x000000aab4300000,0x000000aab4400000)]
  0x0000027a4a879c90 JavaThread "Worker-JM" [_thread_blocked, id=13952, stack(0x000000aab4600000,0x000000aab4700000)]
  0x0000027a4a878950 JavaThread "Worker-0" [_thread_blocked, id=8008, stack(0x000000aab4700000,0x000000aab4800000)]
  0x0000027a4a878e20 JavaThread "Worker-1: Refreshing workspace" [_thread_in_native, id=12548, stack(0x000000aab4800000,0x000000aab4900000)]
  0x0000027a4a8767a0 JavaThread "Worker-2" [_thread_blocked, id=24860, stack(0x000000aab4900000,0x000000aab4a00000)]

Other Threads:
  0x0000027a47a61ce0 VMThread "VM Thread" [stack: 0x000000aab2900000,0x000000aab2a00000] [id=19144]
  0x0000027a47d74770 WatcherThread [stack: 0x000000aab3500000,0x000000aab3600000] [id=20472]
  0x0000027a31f3b730 GCTaskThread "GC Thread#0" [stack: 0x000000aab2800000,0x000000aab2900000] [id=15072]
  0x0000027a49284af0 GCTaskThread "GC Thread#1" [stack: 0x000000aab3700000,0x000000aab3800000] [id=1844]
  0x0000027a49073ec0 GCTaskThread "GC Thread#2" [stack: 0x000000aab3800000,0x000000aab3900000] [id=8136]
  0x0000027a49074170 GCTaskThread "GC Thread#3" [stack: 0x000000aab3900000,0x000000aab3a00000] [id=24556]
  0x0000027a4a000ca0 GCTaskThread "GC Thread#4" [stack: 0x000000aab3a00000,0x000000aab3b00000] [id=1472]
  0x0000027a49276830 GCTaskThread "GC Thread#5" [stack: 0x000000aab3b00000,0x000000aab3c00000] [id=6124]
  0x0000027a4a0b1680 GCTaskThread "GC Thread#6" [stack: 0x000000aab4000000,0x000000aab4100000] [id=12544]
  0x0000027a4a052fa0 GCTaskThread "GC Thread#7" [stack: 0x000000aab4100000,0x000000aab4200000] [id=3672]
  0x0000027a4a702e70 GCTaskThread "GC Thread#8" [stack: 0x000000aab4400000,0x000000aab4500000] [id=23040]
  0x0000027a4a0aa610 GCTaskThread "GC Thread#9" [stack: 0x000000aab4500000,0x000000aab4600000] [id=11532]

Threads with active compile tasks:
C2 CompilerThread0     2951 3286       4       org.eclipse.core.internal.resources.Workspace::newResource (190 bytes)
C1 CompilerThread0     2951 3370   !   2       com.sun.org.apache.xerces.internal.impl.XMLDocumentFragmentScannerImpl$FragmentContentDriver::next (2333 bytes)
C2 CompilerThread1     2951 3208       4       org.objectweb.asm.ClassReader::readMethod (1066 bytes)

VM state: not at safepoint (normal execution)

VM Mutex/Monitor currently owned by a thread: None

Heap address: 0x00000000c0000000, size: 1024 MB, Compressed Oops mode: 32-bit

CDS archive(s) not mapped
Compressed class space mapped at: 0x0000000100000000-0x0000000140000000, reserved size: 1073741824
Narrow klass base: 0x0000000000000000, Narrow klass shift: 3, Narrow klass range: 0x140000000

GC Precious Log:
 CPUs: 12 total, 12 available
 Memory: 8109M
 Large Page Support: Disabled
 NUMA Support: Disabled
 Compressed Oops: Enabled (32-bit)
 Alignments: Space 512K, Generation 512K, Heap 2M
 Heap Min Capacity: 100M
 Heap Initial Capacity: 100M
 Heap Max Capacity: 1G
 Pre-touch: Disabled
 Parallel Workers: 10

Heap:
 PSYoungGen      total 22528K, used 11637K [0x00000000eab00000, 0x00000000ec600000, 0x0000000100000000)
  eden space 22016K, 50% used [0x00000000eab00000,0x00000000eb5e6808,0x00000000ec080000)
  from space 512K, 92% used [0x00000000ec580000,0x00000000ec5f6f38,0x00000000ec600000)
  to   space 1024K, 0% used [0x00000000ec400000,0x00000000ec400000,0x00000000ec500000)
 ParOldGen       total 68608K, used 17996K [0x00000000c0000000, 0x00000000c4300000, 0x00000000eab00000)
  object space 68608K, 26% used [0x00000000c0000000,0x00000000c1193130,0x00000000c4300000)
 Metaspace       used 29895K, committed 30336K, reserved 1081344K
  class space    used 2873K, committed 3072K, reserved 1048576K

Card table byte_map: [0x0000027a318e0000,0x0000027a31af0000] _byte_map_base: 0x0000027a312e0000

Marking Bits: (ParMarkBitMap*) 0x00007fffeb4a2cd0
 Begin Bits: [0x0000027a43bc0000, 0x0000027a44bc0000)
 End Bits:   [0x0000027a44bc0000, 0x0000027a45bc0000)

Polling page: 0x0000027a2feb0000

Metaspace:

Usage:
  Non-class:     26.39 MB used.
      Class:      2.81 MB used.
       Both:     29.19 MB used.

Virtual space:
  Non-class space:       32.00 MB reserved,      26.62 MB ( 83%) committed,  4 nodes.
      Class space:        1.00 GB reserved,       3.00 MB ( <1%) committed,  1 nodes.
             Both:        1.03 GB reserved,      29.62 MB (  3%) committed. 

Chunk freelists:
   Non-Class:  1.06 MB
       Class:  1.01 MB
        Both:  2.07 MB

MaxMetaspaceSize: unlimited
CompressedClassSpaceSize: 1.00 GB
Initial GC threshold: 21.00 MB
Current GC threshold: 35.00 MB
CDS: off
MetaspaceReclaimPolicy: balanced
 - commit_granule_bytes: 65536.
 - commit_granule_words: 8192.
 - virtual_space_node_default_size: 1048576.
 - enlarge_chunks_in_place: 1.
 - new_chunks_are_fully_committed: 0.
 - uncommit_free_chunks: 1.
 - use_allocation_guard: 0.
 - handle_deallocations: 1.


Internal statistics:

num_allocs_failed_limit: 3.
num_arena_births: 212.
num_arena_deaths: 14.
num_vsnodes_births: 5.
num_vsnodes_deaths: 0.
num_space_committed: 474.
num_space_uncommitted: 0.
num_chunks_returned_to_freelist: 17.
num_chunks_taken_from_freelist: 1019.
num_chunk_merges: 7.
num_chunk_splits: 704.
num_chunks_enlarged: 511.
num_purges: 2.
num_inconsistent_stats: 0.

CodeHeap 'non-profiled nmethods': size=120000Kb used=1503Kb max_used=1503Kb free=118496Kb
 bounds [0x0000027a3c690000, 0x0000027a3c900000, 0x0000027a43bc0000]
CodeHeap 'profiled nmethods': size=120000Kb used=6963Kb max_used=6963Kb free=113036Kb
 bounds [0x0000027a35160000, 0x0000027a35830000, 0x0000027a3c690000]
CodeHeap 'non-nmethods': size=5760Kb used=1231Kb max_used=1253Kb free=4528Kb
 bounds [0x0000027a34bc0000, 0x0000027a34e30000, 0x0000027a35160000]
 total_blobs=3906 nmethods=3361 adapters=458
 compilation: enabled
              stopped_count=0, restarted_count=0
 full_count=0

Compilation events (20 events):
Event: 2.907 Thread 0x0000027a47ab5c90 3328       3       org.eclipse.core.internal.resources.AliasManager$LocationMap$$Lambda$123/0x00000001002423c0::compare (14 bytes)
Event: 2.907 Thread 0x0000027a47ab5c90 nmethod 3328 0x0000027a35815290 code [0x0000027a35815540, 0x0000027a358165b8]
Event: 2.907 Thread 0x0000027a47ab5c90 3329       3       org.eclipse.core.internal.filesystem.local.LocalFile::compareTo (34 bytes)
Event: 2.908 Thread 0x0000027a47ab5c90 nmethod 3329 0x0000027a35816a90 code [0x0000027a35816d20, 0x0000027a35817a78]
Event: 2.908 Thread 0x0000027a47ab5c90 3330       3       org.eclipse.core.internal.filesystem.FileStoreUtil::comparePathSegments (34 bytes)
Event: 2.908 Thread 0x0000027a47ab5c90 nmethod 3330 0x0000027a35817e90 code [0x0000027a35818060, 0x0000027a35818268]
Event: 2.908 Thread 0x0000027a47ab5c90 3331       3       java.util.HashSet::remove (20 bytes)
Event: 2.908 Thread 0x0000027a47ab5c90 nmethod 3331 0x0000027a35818390 code [0x0000027a35818540, 0x0000027a35818768]
Event: 2.911 Thread 0x0000027a47ab5c90 3332       3       com.sun.org.apache.xerces.internal.impl.XMLEntityScanner::skipDeclSpaces (280 bytes)
Event: 2.911 Thread 0x0000027a47ab5c90 nmethod 3332 0x0000027a35818810 code [0x0000027a35818a40, 0x0000027a358193e8]
Event: 2.911 Thread 0x0000027a47ab5c90 3334       3       com.sun.org.apache.xerces.internal.dom.DeferredDocumentImpl::getChunkIndex (16 bytes)
Event: 2.911 Thread 0x0000027a47ab5c90 nmethod 3334 0x0000027a35819810 code [0x0000027a358199c0, 0x0000027a35819b98]
Event: 2.911 Thread 0x0000027a47ab5c90 3335       1       com.sun.org.apache.xerces.internal.dom.ParentNode::ownerDocument (5 bytes)
Event: 2.911 Thread 0x0000027a47ab5c90 nmethod 3335 0x0000027a3c806b10 code [0x0000027a3c806ca0, 0x0000027a3c806d78]
Event: 2.911 Thread 0x0000027a47ab5c90 3333       3       com.sun.org.apache.xerces.internal.dom.DeferredDocumentImpl::setChunkIndex (67 bytes)
Event: 2.912 Thread 0x0000027a47ab5c90 nmethod 3333 0x0000027a35819d10 code [0x0000027a35819ee0, 0x0000027a3581a1f8]
Event: 2.920 Thread 0x0000027a47ab5c90 3337       3       com.sun.org.apache.xerces.internal.dom.NodeImpl::needsSyncData (15 bytes)
Event: 2.920 Thread 0x0000027a47ab5c90 nmethod 3337 0x0000027a3581a390 code [0x0000027a3581a520, 0x0000027a3581a698]
Event: 2.921 Thread 0x0000027a47ab5c90 3338       3       org.eclipse.core.internal.localstore.UnifiedTree::quickSort (114 bytes)
Event: 2.922 Thread 0x0000027a47ab5c90 nmethod 3338 0x0000027a3581a710 code [0x0000027a3581a980, 0x0000027a3581b718]

GC Heap History (20 events):
Event: 1.754 GC heap before
{Heap before GC invocations=6 (full 0):
 PSYoungGen      total 29184K, used 29003K [0x00000000eab00000, 0x00000000ece80000, 0x0000000100000000)
  eden space 25088K, 99% used [0x00000000eab00000,0x00000000ec3559f0,0x00000000ec380000)
  from space 4096K, 99% used [0x00000000ec400000,0x00000000ec7fd4e8,0x00000000ec800000)
  to   space 5632K, 0% used [0x00000000ec900000,0x00000000ec900000,0x00000000ece80000)
 ParOldGen       total 68608K, used 8465K [0x00000000c0000000, 0x00000000c4300000, 0x00000000eab00000)
  object space 68608K, 12% used [0x00000000c0000000,0x00000000c08446d0,0x00000000c4300000)
 Metaspace       used 20322K, committed 20736K, reserved 1073152K
  class space    used 2042K, committed 2240K, reserved 1048576K
}
Event: 1.758 GC heap after
{Heap after GC invocations=6 (full 0):
 PSYoungGen      total 29696K, used 5109K [0x00000000eab00000, 0x00000000ece00000, 0x0000000100000000)
  eden space 24576K, 0% used [0x00000000eab00000,0x00000000eab00000,0x00000000ec300000)
  from space 5120K, 99% used [0x00000000ec900000,0x00000000ecdfd568,0x00000000ece00000)
  to   space 5632K, 0% used [0x00000000ec300000,0x00000000ec300000,0x00000000ec880000)
 ParOldGen       total 68608K, used 8465K [0x00000000c0000000, 0x00000000c4300000, 0x00000000eab00000)
  object space 68608K, 12% used [0x00000000c0000000,0x00000000c08446d0,0x00000000c4300000)
 Metaspace       used 20322K, committed 20736K, reserved 1073152K
  class space    used 2042K, committed 2240K, reserved 1048576K
}
Event: 1.767 GC heap before
{Heap before GC invocations=7 (full 0):
 PSYoungGen      total 29696K, used 28618K [0x00000000eab00000, 0x00000000ece00000, 0x0000000100000000)
  eden space 24576K, 95% used [0x00000000eab00000,0x00000000ec1f54e8,0x00000000ec300000)
  from space 5120K, 99% used [0x00000000ec900000,0x00000000ecdfd568,0x00000000ece00000)
  to   space 5632K, 0% used [0x00000000ec300000,0x00000000ec300000,0x00000000ec880000)
 ParOldGen       total 68608K, used 8465K [0x00000000c0000000, 0x00000000c4300000, 0x00000000eab00000)
  object space 68608K, 12% used [0x00000000c0000000,0x00000000c08446d0,0x00000000c4300000)
 Metaspace       used 20322K, committed 20736K, reserved 1073152K
  class space    used 2042K, committed 2240K, reserved 1048576K
}
Event: 1.771 GC heap after
{Heap after GC invocations=7 (full 0):
 PSYoungGen      total 28160K, used 3650K [0x00000000eab00000, 0x00000000ecb80000, 0x0000000100000000)
  eden space 24064K, 0% used [0x00000000eab00000,0x00000000eab00000,0x00000000ec280000)
  from space 4096K, 89% used [0x00000000ec300000,0x00000000ec690828,0x00000000ec700000)
  to   space 4608K, 0% used [0x00000000ec700000,0x00000000ec700000,0x00000000ecb80000)
 ParOldGen       total 68608K, used 10095K [0x00000000c0000000, 0x00000000c4300000, 0x00000000eab00000)
  object space 68608K, 14% used [0x00000000c0000000,0x00000000c09dbf88,0x00000000c4300000)
 Metaspace       used 20322K, committed 20736K, reserved 1073152K
  class space    used 2042K, committed 2240K, reserved 1048576K
}
Event: 1.778 GC heap before
{Heap before GC invocations=8 (full 0):
 PSYoungGen      total 28160K, used 27316K [0x00000000eab00000, 0x00000000ecb80000, 0x0000000100000000)
  eden space 24064K, 98% used [0x00000000eab00000,0x00000000ec21cb98,0x00000000ec280000)
  from space 4096K, 89% used [0x00000000ec300000,0x00000000ec690828,0x00000000ec700000)
  to   space 4608K, 0% used [0x00000000ec700000,0x00000000ec700000,0x00000000ecb80000)
 ParOldGen       total 68608K, used 10095K [0x00000000c0000000, 0x00000000c4300000, 0x00000000eab00000)
  object space 68608K, 14% used [0x00000000c0000000,0x00000000c09dbf88,0x00000000c4300000)
 Metaspace       used 20322K, committed 20736K, reserved 1073152K
  class space    used 2042K, committed 2240K, reserved 1048576K
}
Event: 1.781 GC heap after
{Heap after GC invocations=8 (full 0):
 PSYoungGen      total 26624K, used 2602K [0x00000000eab00000, 0x00000000eca00000, 0x0000000100000000)
  eden space 23552K, 0% used [0x00000000eab00000,0x00000000eab00000,0x00000000ec200000)
  from space 3072K, 84% used [0x00000000ec700000,0x00000000ec98aaa0,0x00000000eca00000)
  to   space 3584K, 0% used [0x00000000ec300000,0x00000000ec300000,0x00000000ec680000)
 ParOldGen       total 68608K, used 12480K [0x00000000c0000000, 0x00000000c4300000, 0x00000000eab00000)
  object space 68608K, 18% used [0x00000000c0000000,0x00000000c0c300d8,0x00000000c4300000)
 Metaspace       used 20322K, committed 20736K, reserved 1073152K
  class space    used 2042K, committed 2240K, reserved 1048576K
}
Event: 1.789 GC heap before
{Heap before GC invocations=9 (full 0):
 PSYoungGen      total 26624K, used 26112K [0x00000000eab00000, 0x00000000eca00000, 0x0000000100000000)
  eden space 23552K, 99% used [0x00000000eab00000,0x00000000ec1f56e0,0x00000000ec200000)
  from space 3072K, 84% used [0x00000000ec700000,0x00000000ec98aaa0,0x00000000eca00000)
  to   space 3584K, 0% used [0x00000000ec300000,0x00000000ec300000,0x00000000ec680000)
 ParOldGen       total 68608K, used 12480K [0x00000000c0000000, 0x00000000c4300000, 0x00000000eab00000)
  object space 68608K, 18% used [0x00000000c0000000,0x00000000c0c300d8,0x00000000c4300000)
 Metaspace       used 20322K, committed 20736K, reserved 1073152K
  class space    used 2042K, committed 2240K, reserved 1048576K
}
Event: 1.790 GC heap after
{Heap after GC invocations=9 (full 0):
 PSYoungGen      total 26112K, used 2874K [0x00000000eab00000, 0x00000000ec780000, 0x0000000100000000)
  eden space 23040K, 0% used [0x00000000eab00000,0x00000000eab00000,0x00000000ec180000)
  from space 3072K, 93% used [0x00000000ec300000,0x00000000ec5ceaa0,0x00000000ec600000)
  to   space 1536K, 0% used [0x00000000ec600000,0x00000000ec600000,0x00000000ec780000)
 ParOldGen       total 68608K, used 12480K [0x00000000c0000000, 0x00000000c4300000, 0x00000000eab00000)
  object space 68608K, 18% used [0x00000000c0000000,0x00000000c0c300d8,0x00000000c4300000)
 Metaspace       used 20322K, committed 20736K, reserved 1073152K
  class space    used 2042K, committed 2240K, reserved 1048576K
}
Event: 1.807 GC heap before
{Heap before GC invocations=10 (full 0):
 PSYoungGen      total 26112K, used 25914K [0x00000000eab00000, 0x00000000ec780000, 0x0000000100000000)
  eden space 23040K, 100% used [0x00000000eab00000,0x00000000ec180000,0x00000000ec180000)
  from space 3072K, 93% used [0x00000000ec300000,0x00000000ec5ceaa0,0x00000000ec600000)
  to   space 1536K, 0% used [0x00000000ec600000,0x00000000ec600000,0x00000000ec780000)
 ParOldGen       total 68608K, used 12480K [0x00000000c0000000, 0x00000000c4300000, 0x00000000eab00000)
  object space 68608K, 18% used [0x00000000c0000000,0x00000000c0c300d8,0x00000000c4300000)
 Metaspace       used 20322K, committed 20736K, reserved 1073152K
  class space    used 2042K, committed 2240K, reserved 1048576K
}
Event: 1.809 GC heap after
{Heap after GC invocations=10 (full 0):
 PSYoungGen      total 24064K, used 1536K [0x00000000eab00000, 0x00000000ec800000, 0x0000000100000000)
  eden space 22528K, 0% used [0x00000000eab00000,0x00000000eab00000,0x00000000ec100000)
  from space 1536K, 100% used [0x00000000ec600000,0x00000000ec780000,0x00000000ec780000)
  to   space 3584K, 0% used [0x00000000ec100000,0x00000000ec100000,0x00000000ec480000)
 ParOldGen       total 68608K, used 14055K [0x00000000c0000000, 0x00000000c4300000, 0x00000000eab00000)
  object space 68608K, 20% used [0x00000000c0000000,0x00000000c0db9d10,0x00000000c4300000)
 Metaspace       used 20322K, committed 20736K, reserved 1073152K
  class space    used 2042K, committed 2240K, reserved 1048576K
}
Event: 2.050 GC heap before
{Heap before GC invocations=11 (full 0):
 PSYoungGen      total 24064K, used 18879K [0x00000000eab00000, 0x00000000ec800000, 0x0000000100000000)
  eden space 22528K, 76% used [0x00000000eab00000,0x00000000ebbefda0,0x00000000ec100000)
  from space 1536K, 100% used [0x00000000ec600000,0x00000000ec780000,0x00000000ec780000)
  to   space 3584K, 0% used [0x00000000ec100000,0x00000000ec100000,0x00000000ec480000)
 ParOldGen       total 68608K, used 14055K [0x00000000c0000000, 0x00000000c4300000, 0x00000000eab00000)
  object space 68608K, 20% used [0x00000000c0000000,0x00000000c0db9d10,0x00000000c4300000)
 Metaspace       used 21062K, committed 21504K, reserved 1073152K
  class space    used 2107K, committed 2304K, reserved 1048576K
}
Event: 2.053 GC heap after
{Heap after GC invocations=11 (full 0):
 PSYoungGen      total 26112K, used 3584K [0x00000000eab00000, 0x00000000ecc00000, 0x0000000100000000)
  eden space 22528K, 0% used [0x00000000eab00000,0x00000000eab00000,0x00000000ec100000)
  from space 3584K, 100% used [0x00000000ec100000,0x00000000ec480000,0x00000000ec480000)
  to   space 5632K, 0% used [0x00000000ec680000,0x00000000ec680000,0x00000000ecc00000)
 ParOldGen       total 68608K, used 15671K [0x00000000c0000000, 0x00000000c4300000, 0x00000000eab00000)
  object space 68608K, 22% used [0x00000000c0000000,0x00000000c0f4dd10,0x00000000c4300000)
 Metaspace       used 21062K, committed 21504K, reserved 1073152K
  class space    used 2107K, committed 2304K, reserved 1048576K
}
Event: 2.053 GC heap before
{Heap before GC invocations=12 (full 1):
 PSYoungGen      total 26112K, used 3584K [0x00000000eab00000, 0x00000000ecc00000, 0x0000000100000000)
  eden space 22528K, 0% used [0x00000000eab00000,0x00000000eab00000,0x00000000ec100000)
  from space 3584K, 100% used [0x00000000ec100000,0x00000000ec480000,0x00000000ec480000)
  to   space 5632K, 0% used [0x00000000ec680000,0x00000000ec680000,0x00000000ecc00000)
 ParOldGen       total 68608K, used 15671K [0x00000000c0000000, 0x00000000c4300000, 0x00000000eab00000)
  object space 68608K, 22% used [0x00000000c0000000,0x00000000c0f4dd10,0x00000000c4300000)
 Metaspace       used 21062K, committed 21504K, reserved 1073152K
  class space    used 2107K, committed 2304K, reserved 1048576K
}
Event: 2.078 GC heap after
{Heap after GC invocations=12 (full 1):
 PSYoungGen      total 26112K, used 0K [0x00000000eab00000, 0x00000000ecc00000, 0x0000000100000000)
  eden space 22528K, 0% used [0x00000000eab00000,0x00000000eab00000,0x00000000ec100000)
  from space 3584K, 0% used [0x00000000ec100000,0x00000000ec100000,0x00000000ec480000)
  to   space 5632K, 0% used [0x00000000ec680000,0x00000000ec680000,0x00000000ecc00000)
 ParOldGen       total 68608K, used 16224K [0x00000000c0000000, 0x00000000c4300000, 0x00000000eab00000)
  object space 68608K, 23% used [0x00000000c0000000,0x00000000c0fd8310,0x00000000c4300000)
 Metaspace       used 21048K, committed 21504K, reserved 1073152K
  class space    used 2103K, committed 2304K, reserved 1048576K
}
Event: 2.526 GC heap before
{Heap before GC invocations=13 (full 1):
 PSYoungGen      total 26112K, used 22528K [0x00000000eab00000, 0x00000000ecc00000, 0x0000000100000000)
  eden space 22528K, 100% used [0x00000000eab00000,0x00000000ec100000,0x00000000ec100000)
  from space 3584K, 0% used [0x00000000ec100000,0x00000000ec100000,0x00000000ec480000)
  to   space 5632K, 0% used [0x00000000ec680000,0x00000000ec680000,0x00000000ecc00000)
 ParOldGen       total 68608K, used 16224K [0x00000000c0000000, 0x00000000c4300000, 0x00000000eab00000)
  object space 68608K, 23% used [0x00000000c0000000,0x00000000c0fd8310,0x00000000c4300000)
 Metaspace       used 23936K, committed 24448K, reserved 1073152K
  class space    used 2427K, committed 2624K, reserved 1048576K
}
Event: 2.528 GC heap after
{Heap after GC invocations=13 (full 1):
 PSYoungGen      total 24064K, used 1884K [0x00000000eab00000, 0x00000000ec880000, 0x0000000100000000)
  eden space 22016K, 0% used [0x00000000eab00000,0x00000000eab00000,0x00000000ec080000)
  from space 2048K, 92% used [0x00000000ec680000,0x00000000ec857100,0x00000000ec880000)
  to   space 3584K, 0% used [0x00000000ec180000,0x00000000ec180000,0x00000000ec500000)
 ParOldGen       total 68608K, used 16232K [0x00000000c0000000, 0x00000000c4300000, 0x00000000eab00000)
  object space 68608K, 23% used [0x00000000c0000000,0x00000000c0fda310,0x00000000c4300000)
 Metaspace       used 23936K, committed 24448K, reserved 1073152K
  class space    used 2427K, committed 2624K, reserved 1048576K
}
Event: 2.671 GC heap before
{Heap before GC invocations=14 (full 1):
 PSYoungGen      total 24064K, used 23900K [0x00000000eab00000, 0x00000000ec880000, 0x0000000100000000)
  eden space 22016K, 100% used [0x00000000eab00000,0x00000000ec080000,0x00000000ec080000)
  from space 2048K, 92% used [0x00000000ec680000,0x00000000ec857100,0x00000000ec880000)
  to   space 3584K, 0% used [0x00000000ec180000,0x00000000ec180000,0x00000000ec500000)
 ParOldGen       total 68608K, used 16232K [0x00000000c0000000, 0x00000000c4300000, 0x00000000eab00000)
  object space 68608K, 23% used [0x00000000c0000000,0x00000000c0fda310,0x00000000c4300000)
 Metaspace       used 26607K, committed 27136K, reserved 1081344K
  class space    used 2597K, committed 2816K, reserved 1048576K
}
Event: 2.673 GC heap after
{Heap after GC invocations=14 (full 1):
 PSYoungGen      total 25600K, used 320K [0x00000000eab00000, 0x00000000ec700000, 0x0000000100000000)
  eden space 22016K, 0% used [0x00000000eab00000,0x00000000eab00000,0x00000000ec080000)
  from space 3584K, 8% used [0x00000000ec180000,0x00000000ec1d0000,0x00000000ec500000)
  to   space 1536K, 0% used [0x00000000ec580000,0x00000000ec580000,0x00000000ec700000)
 ParOldGen       total 68608K, used 17892K [0x00000000c0000000, 0x00000000c4300000, 0x00000000eab00000)
  object space 68608K, 26% used [0x00000000c0000000,0x00000000c1179130,0x00000000c4300000)
 Metaspace       used 26607K, committed 27136K, reserved 1081344K
  class space    used 2597K, committed 2816K, reserved 1048576K
}
Event: 2.796 GC heap before
{Heap before GC invocations=15 (full 1):
 PSYoungGen      total 25600K, used 22336K [0x00000000eab00000, 0x00000000ec700000, 0x0000000100000000)
  eden space 22016K, 100% used [0x00000000eab00000,0x00000000ec080000,0x00000000ec080000)
  from space 3584K, 8% used [0x00000000ec180000,0x00000000ec1d0000,0x00000000ec500000)
  to   space 1536K, 0% used [0x00000000ec580000,0x00000000ec580000,0x00000000ec700000)
 ParOldGen       total 68608K, used 17892K [0x00000000c0000000, 0x00000000c4300000, 0x00000000eab00000)
  object space 68608K, 26% used [0x00000000c0000000,0x00000000c1179130,0x00000000c4300000)
 Metaspace       used 29032K, committed 29504K, reserved 1081344K
  class space    used 2788K, committed 3008K, reserved 1048576K
}
Event: 2.797 GC heap after
{Heap after GC invocations=15 (full 1):
 PSYoungGen      total 22528K, used 475K [0x00000000eab00000, 0x00000000ec600000, 0x0000000100000000)
  eden space 22016K, 0% used [0x00000000eab00000,0x00000000eab00000,0x00000000ec080000)
  from space 512K, 92% used [0x00000000ec580000,0x00000000ec5f6f38,0x00000000ec600000)
  to   space 1024K, 0% used [0x00000000ec400000,0x00000000ec400000,0x00000000ec500000)
 ParOldGen       total 68608K, used 17996K [0x00000000c0000000, 0x00000000c4300000, 0x00000000eab00000)
  object space 68608K, 26% used [0x00000000c0000000,0x00000000c1193130,0x00000000c4300000)
 Metaspace       used 29032K, committed 29504K, reserved 1081344K
  class space    used 2788K, committed 3008K, reserved 1048576K
}

Deoptimization events (20 events):
Event: 2.881 Thread 0x0000027a49480b70 Uncommon trap: trap_request=0xffffffde fr.pc=0x0000027a3c7a68a0 relative=0x0000000000000fe0
Event: 2.881 Thread 0x0000027a49480b70 Uncommon trap: reason=class_check action=maybe_recompile pc=0x0000027a3c7a68a0 method=com.sun.org.apache.xerces.internal.impl.XMLDocumentFragmentScannerImpl$FragmentContentDriver.next()I @ 2177 c2
Event: 2.881 Thread 0x0000027a49480b70 DEOPT PACKING pc=0x0000027a3c7a68a0 sp=0x000000aab3ef9960
Event: 2.881 Thread 0x0000027a49480b70 DEOPT UNPACKING pc=0x0000027a34c120a3 sp=0x000000aab3ef9918 mode 2
Event: 2.881 Thread 0x0000027a49480b70 Uncommon trap: trap_request=0xffffffde fr.pc=0x0000027a3c7a65d8 relative=0x0000000000000d18
Event: 2.881 Thread 0x0000027a49480b70 Uncommon trap: reason=class_check action=maybe_recompile pc=0x0000027a3c7a65d8 method=com.sun.org.apache.xerces.internal.impl.XMLDocumentFragmentScannerImpl$FragmentContentDriver.next()I @ 427 c2
Event: 2.881 Thread 0x0000027a49480b70 DEOPT PACKING pc=0x0000027a3c7a65d8 sp=0x000000aab3ef99c0
Event: 2.881 Thread 0x0000027a49480b70 DEOPT UNPACKING pc=0x0000027a34c120a3 sp=0x000000aab3ef9970 mode 2
Event: 2.881 Thread 0x0000027a49480b70 Uncommon trap: trap_request=0xffffff45 fr.pc=0x0000027a3c74807c relative=0x000000000000007c
Event: 2.881 Thread 0x0000027a49480b70 Uncommon trap: reason=unstable_if action=reinterpret pc=0x0000027a3c74807c method=com.sun.org.apache.xerces.internal.impl.XMLEntityScanner.checkBeforeLoad(Lcom/sun/xml/internal/stream/Entity$ScannedEntity;II)I @ 18 c2
Event: 2.881 Thread 0x0000027a49480b70 DEOPT PACKING pc=0x0000027a3c74807c sp=0x000000aab3ef9850
Event: 2.881 Thread 0x0000027a49480b70 DEOPT UNPACKING pc=0x0000027a34c120a3 sp=0x000000aab3ef97e0 mode 2
Event: 2.881 Thread 0x0000027a49480b70 Uncommon trap: trap_request=0xffffffde fr.pc=0x0000027a3c7a65d8 relative=0x0000000000000d18
Event: 2.881 Thread 0x0000027a49480b70 Uncommon trap: reason=class_check action=maybe_recompile pc=0x0000027a3c7a65d8 method=com.sun.org.apache.xerces.internal.impl.XMLDocumentFragmentScannerImpl$FragmentContentDriver.next()I @ 427 c2
Event: 2.881 Thread 0x0000027a49480b70 DEOPT PACKING pc=0x0000027a3c7a65d8 sp=0x000000aab3ef99c0
Event: 2.881 Thread 0x0000027a49480b70 DEOPT UNPACKING pc=0x0000027a34c120a3 sp=0x000000aab3ef9970 mode 2
Event: 2.881 Thread 0x0000027a49480b70 Uncommon trap: trap_request=0xffffffde fr.pc=0x0000027a3c7a65d8 relative=0x0000000000000d18
Event: 2.881 Thread 0x0000027a49480b70 Uncommon trap: reason=class_check action=maybe_recompile pc=0x0000027a3c7a65d8 method=com.sun.org.apache.xerces.internal.impl.XMLDocumentFragmentScannerImpl$FragmentContentDriver.next()I @ 427 c2
Event: 2.881 Thread 0x0000027a49480b70 DEOPT PACKING pc=0x0000027a3c7a65d8 sp=0x000000aab3ef99c0
Event: 2.881 Thread 0x0000027a49480b70 DEOPT UNPACKING pc=0x0000027a34c120a3 sp=0x000000aab3ef9970 mode 2

Classes unloaded (7 events):
Event: 2.059 Thread 0x0000027a47a61ce0 Unloading class 0x0000000100218800 'java/lang/invoke/LambdaForm$MH+0x0000000100218800'
Event: 2.059 Thread 0x0000027a47a61ce0 Unloading class 0x0000000100218400 'java/lang/invoke/LambdaForm$MH+0x0000000100218400'
Event: 2.059 Thread 0x0000027a47a61ce0 Unloading class 0x0000000100218000 'java/lang/invoke/LambdaForm$MH+0x0000000100218000'
Event: 2.059 Thread 0x0000027a47a61ce0 Unloading class 0x0000000100217c00 'java/lang/invoke/LambdaForm$MH+0x0000000100217c00'
Event: 2.059 Thread 0x0000027a47a61ce0 Unloading class 0x0000000100217400 'java/lang/invoke/LambdaForm$BMH+0x0000000100217400'
Event: 2.059 Thread 0x0000027a47a61ce0 Unloading class 0x0000000100217000 'java/lang/invoke/LambdaForm$DMH+0x0000000100217000'
Event: 2.059 Thread 0x0000027a47a61ce0 Unloading class 0x0000000100214400 'java/lang/invoke/LambdaForm$DMH+0x0000000100214400'

Classes redefined (0 events):
No events

Internal exceptions (20 events):
Event: 1.611 Thread 0x0000027a49480b70 Exception <a 'java/lang/NoSuchMethodError'{0x00000000eb23cde8}: 'java.lang.Object java.lang.invoke.DirectMethodHandle$Holder.invokeStatic(java.lang.Object, java.lang.Object, int)'> (0x00000000eb23cde8) 
thrown [s\src\hotspot\share\interpreter\linkResolver.cpp, line 759]
Event: 1.612 Thread 0x0000027a49480b70 Exception <a 'java/lang/NoSuchMethodError'{0x00000000eb241998}: 'void java.lang.invoke.DirectMethodHandle$Holder.invokeStatic(java.lang.Object, java.lang.Object, int, java.lang.Object)'> (0x00000000eb241998) 
thrown [s\src\hotspot\share\interpreter\linkResolver.cpp, line 759]
Event: 1.612 Thread 0x0000027a49480b70 Exception <a 'java/lang/NoSuchMethodError'{0x00000000eb2490c8}: 'void java.lang.invoke.DelegatingMethodHandle$Holder.delegate(java.lang.Object, java.lang.Object, int, java.lang.Object)'> (0x00000000eb2490c8) 
thrown [s\src\hotspot\share\interpreter\linkResolver.cpp, line 759]
Event: 1.613 Thread 0x0000027a49480b70 Exception <a 'java/lang/NoSuchMethodError'{0x00000000eb24d4b0}: 'int java.lang.invoke.DirectMethodHandle$Holder.invokeSpecial(java.lang.Object, java.lang.Object, java.lang.Object)'> (0x00000000eb24d4b0) 
thrown [s\src\hotspot\share\interpreter\linkResolver.cpp, line 759]
Event: 1.614 Thread 0x0000027a49480b70 Exception <a 'java/lang/NoSuchMethodError'{0x00000000eb25ed48}: 'int java.lang.invoke.DirectMethodHandle$Holder.invokeStatic(java.lang.Object, java.lang.Object, int)'> (0x00000000eb25ed48) 
thrown [s\src\hotspot\share\interpreter\linkResolver.cpp, line 759]
Event: 1.614 Thread 0x0000027a49480b70 Exception <a 'java/lang/NoSuchMethodError'{0x00000000eb262d70}: 'int java.lang.invoke.DirectMethodHandle$Holder.invokeSpecial(java.lang.Object, java.lang.Object, java.lang.Object, int)'> (0x00000000eb262d70) 
thrown [s\src\hotspot\share\interpreter\linkResolver.cpp, line 759]
Event: 1.616 Thread 0x0000027a49480b70 Exception <a 'java/lang/NoSuchMethodError'{0x00000000eb27e810}: 'java.lang.Object java.lang.invoke.DirectMethodHandle$Holder.invokeStatic(java.lang.Object, java.lang.Object, java.lang.Object, java.lang.Object, int)'> (0x00000000eb27e810) 
thrown [s\src\hotspot\share\interpreter\linkResolver.cpp, line 759]
Event: 1.616 Thread 0x0000027a49480b70 Exception <a 'java/lang/NoSuchMethodError'{0x00000000eb28abd8}: 'java.lang.Object java.lang.invoke.DelegatingMethodHandle$Holder.reinvoke_L(java.lang.Object, java.lang.Object, java.lang.Object, java.lang.Object, int, int)'> (0x00000000eb28abd8) 
thrown [s\src\hotspot\share\interpreter\linkResolver.cpp, line 759]
Event: 1.619 Thread 0x0000027a49480b70 Exception <a 'java/lang/NoSuchMethodError'{0x00000000eb2a2b08}: 'java.lang.Object java.lang.invoke.Invokers$Holder.invokeExact_MT(java.lang.Object, java.lang.Object, java.lang.Object, java.lang.Object)'> (0x00000000eb2a2b08) 
thrown [s\src\hotspot\share\interpreter\linkResolver.cpp, line 759]
Event: 2.084 Thread 0x0000027a49480b70 Exception <a 'java/lang/NoSuchMethodError'{0x00000000eab46878}: 'int java.lang.invoke.DirectMethodHandle$Holder.invokeStaticInit(java.lang.Object, java.lang.Object, java.lang.Object)'> (0x00000000eab46878) 
thrown [s\src\hotspot\share\interpreter\linkResolver.cpp, line 759]
Event: 2.089 Thread 0x0000027a49480b70 Exception <a 'java/lang/IncompatibleClassChangeError'{0x00000000eabf6390}: Found class java.lang.Object, but interface was expected> (0x00000000eabf6390) 
thrown [s\src\hotspot\share\interpreter\linkResolver.cpp, line 826]
Event: 2.398 Thread 0x0000027a49480b70 Exception <a 'java/io/FileNotFoundException'{0x00000000eb654ca0}> (0x00000000eb654ca0) 
thrown [s\src\hotspot\share\prims\jni.cpp, line 516]
Event: 2.459 Thread 0x0000027a49480b70 Exception <a 'java/lang/NoSuchMethodError'{0x00000000ebb187c0}: 'void java.lang.invoke.DirectMethodHandle$Holder.invokeSpecial(java.lang.Object, java.lang.Object, java.lang.Object, int)'> (0x00000000ebb187c0) 
thrown [s\src\hotspot\share\interpreter\linkResolver.cpp, line 759]
Event: 2.507 Thread 0x0000027a4a878e20 Exception <a 'java/lang/NoSuchMethodError'{0x00000000eac8f258}: 'int java.lang.invoke.DirectMethodHandle$Holder.invokeVirtual(java.lang.Object, java.lang.Object)'> (0x00000000eac8f258) 
thrown [s\src\hotspot\share\interpreter\linkResolver.cpp, line 759]
Event: 2.610 Thread 0x0000027a49480b70 Exception <a 'java/io/FileNotFoundException'{0x00000000eb933b08}> (0x00000000eb933b08) 
thrown [s\src\hotspot\share\prims\jni.cpp, line 516]
Event: 2.611 Thread 0x0000027a49480b70 Exception <a 'java/io/FileNotFoundException'{0x00000000eb934968}> (0x00000000eb934968) 
thrown [s\src\hotspot\share\prims\jni.cpp, line 516]
Event: 2.611 Thread 0x0000027a49480b70 Exception <a 'java/io/FileNotFoundException'{0x00000000eb9357c8}> (0x00000000eb9357c8) 
thrown [s\src\hotspot\share\prims\jni.cpp, line 516]
Event: 2.886 Thread 0x0000027a49480b70 Exception <a 'java/lang/ClassNotFoundException'{0x00000000eb258060}: com/sun/org/apache/xerces/internal/impl/msg/spi/DOMMessagesProvider> (0x00000000eb258060) 
thrown [s\src\hotspot\share\classfile\systemDictionary.cpp, line 256]
Event: 2.888 Thread 0x0000027a49480b70 Exception <a 'java/lang/ClassNotFoundException'{0x00000000eb2a4390}: com/sun/org/apache/xerces/internal/impl/msg/spi/XMLSerializerMessagesProvider> (0x00000000eb2a4390) 
thrown [s\src\hotspot\share\classfile\systemDictionary.cpp, line 256]
Event: 2.889 Thread 0x0000027a49480b70 Exception <a 'java/lang/ClassNotFoundException'{0x00000000eb2bc688}: com/sun/org/apache/xerces/internal/impl/msg/spi/XMLMessagesProvider> (0x00000000eb2bc688) 
thrown [s\src\hotspot\share\classfile\systemDictionary.cpp, line 256]

VM Operations (20 events):
Event: 2.050 Executing VM operation: CollectForMetadataAllocation
Event: 2.078 Executing VM operation: CollectForMetadataAllocation done
Event: 2.108 Executing VM operation: HandshakeAllThreads
Event: 2.108 Executing VM operation: HandshakeAllThreads done
Event: 2.402 Executing VM operation: HandshakeAllThreads
Event: 2.402 Executing VM operation: HandshakeAllThreads done
Event: 2.455 Executing VM operation: HandshakeAllThreads
Event: 2.455 Executing VM operation: HandshakeAllThreads done
Event: 2.456 Executing VM operation: HandshakeAllThreads
Event: 2.456 Executing VM operation: HandshakeAllThreads done
Event: 2.526 Executing VM operation: ParallelGCFailedAllocation
Event: 2.528 Executing VM operation: ParallelGCFailedAllocation done
Event: 2.671 Executing VM operation: ParallelGCFailedAllocation
Event: 2.673 Executing VM operation: ParallelGCFailedAllocation done
Event: 2.796 Executing VM operation: ParallelGCFailedAllocation
Event: 2.797 Executing VM operation: ParallelGCFailedAllocation done
Event: 2.875 Executing VM operation: HandshakeAllThreads
Event: 2.875 Executing VM operation: HandshakeAllThreads done
Event: 2.881 Executing VM operation: HandshakeAllThreads
Event: 2.881 Executing VM operation: HandshakeAllThreads done

Events (20 events):
Event: 2.888 loading class com/sun/org/apache/xerces/internal/impl/msg/XMLSerializerMessages_pt
Event: 2.888 loading class com/sun/org/apache/xerces/internal/impl/msg/XMLSerializerMessages_pt done
Event: 2.888 loading class com/sun/org/apache/xerces/internal/impl/msg/XMLSerializerMessages_pt
Event: 2.888 loading class com/sun/org/apache/xerces/internal/impl/msg/XMLSerializerMessages_pt done
Event: 2.888 loading class com/sun/org/apache/xerces/internal/impl/msg/XMLSerializerMessages_pt_BR
Event: 2.888 loading class com/sun/org/apache/xerces/internal/impl/msg/XMLSerializerMessages_pt_BR done
Event: 2.888 loading class com/sun/org/apache/xerces/internal/impl/msg/XMLSerializerMessages_pt_BR
Event: 2.888 loading class com/sun/org/apache/xerces/internal/impl/msg/XMLSerializerMessages_pt_BR done
Event: 2.889 loading class com/sun/org/apache/xerces/internal/impl/msg/XMLMessages
Event: 2.889 loading class com/sun/org/apache/xerces/internal/impl/msg/XMLMessages done
Event: 2.889 loading class com/sun/org/apache/xerces/internal/impl/msg/XMLMessages
Event: 2.889 loading class com/sun/org/apache/xerces/internal/impl/msg/XMLMessages done
Event: 2.890 loading class com/sun/org/apache/xerces/internal/impl/msg/XMLMessages_pt
Event: 2.890 loading class com/sun/org/apache/xerces/internal/impl/msg/XMLMessages_pt done
Event: 2.890 loading class com/sun/org/apache/xerces/internal/impl/msg/XMLMessages_pt
Event: 2.890 loading class com/sun/org/apache/xerces/internal/impl/msg/XMLMessages_pt done
Event: 2.890 loading class com/sun/org/apache/xerces/internal/impl/msg/XMLMessages_pt_BR
Event: 2.890 loading class com/sun/org/apache/xerces/internal/impl/msg/XMLMessages_pt_BR done
Event: 2.890 loading class com/sun/org/apache/xerces/internal/impl/msg/XMLMessages_pt_BR
Event: 2.890 loading class com/sun/org/apache/xerces/internal/impl/msg/XMLMessages_pt_BR done


Dynamic libraries:
0x00007ff7c2bf0000 - 0x00007ff7c2bfe000 	c:\Users\Master\.vscode\extensions\redhat.java-1.10.0-win32-x64\jre\17.0.4-win32-x86_64\bin\java.exe
0x00007ff851ef0000 - 0x00007ff8520e8000 	C:\Windows\SYSTEM32\ntdll.dll
0x00007ff851830000 - 0x00007ff8518ed000 	C:\Windows\System32\KERNEL32.DLL
0x00007ff84f7f0000 - 0x00007ff84fabe000 	C:\Windows\System32\KERNELBASE.dll
0x00007ff84fac0000 - 0x00007ff84fbc0000 	C:\Windows\System32\ucrtbase.dll
0x00007ff84a0c0000 - 0x00007ff84a0d8000 	c:\Users\Master\.vscode\extensions\redhat.java-1.10.0-win32-x64\jre\17.0.4-win32-x86_64\bin\jli.dll
0x00007ff84a890000 - 0x00007ff84a8a9000 	c:\Users\Master\.vscode\extensions\redhat.java-1.10.0-win32-x64\jre\17.0.4-win32-x86_64\bin\VCRUNTIME140.dll
0x00007ff8406e0000 - 0x00007ff84097a000 	C:\Windows\WinSxS\amd64_microsoft.windows.common-controls_6595b64144ccf1df_6.0.19041.1110_none_60b5254171f9507e\COMCTL32.dll
0x00007ff851990000 - 0x00007ff851b30000 	C:\Windows\System32\USER32.dll
0x00007ff851790000 - 0x00007ff85182e000 	C:\Windows\System32\msvcrt.dll
0x00007ff84ff20000 - 0x00007ff84ff42000 	C:\Windows\System32\win32u.dll
0x00007ff850090000 - 0x00007ff8500ba000 	C:\Windows\System32\GDI32.dll
0x00007ff84fd90000 - 0x00007ff84fe9b000 	C:\Windows\System32\gdi32full.dll
0x00007ff84f750000 - 0x00007ff84f7ed000 	C:\Windows\System32\msvcp_win.dll
0x00007ff850ff0000 - 0x00007ff851020000 	C:\Windows\System32\IMM32.DLL
0x00007ff84d0c0000 - 0x00007ff84d0cc000 	c:\Users\Master\.vscode\extensions\redhat.java-1.10.0-win32-x64\jre\17.0.4-win32-x86_64\bin\vcruntime140_1.dll
0x00007ff844010000 - 0x00007ff8440a1000 	c:\Users\Master\.vscode\extensions\redhat.java-1.10.0-win32-x64\jre\17.0.4-win32-x86_64\bin\msvcp140.dll
0x00007fffea920000 - 0x00007fffeb566000 	c:\Users\Master\.vscode\extensions\redhat.java-1.10.0-win32-x64\jre\17.0.4-win32-x86_64\bin\server\jvm.dll
0x00007ff850590000 - 0x00007ff85063e000 	C:\Windows\System32\ADVAPI32.dll
0x00007ff8518f0000 - 0x00007ff85198c000 	C:\Windows\System32\sechost.dll
0x00007ff851b30000 - 0x00007ff851c55000 	C:\Windows\System32\RPCRT4.dll
0x00007ff851560000 - 0x00007ff851568000 	C:\Windows\System32\PSAPI.DLL
0x00007ff84af20000 - 0x00007ff84af29000 	C:\Windows\SYSTEM32\WSOCK32.dll
0x00007ff851570000 - 0x00007ff8515db000 	C:\Windows\System32\WS2_32.dll
0x00007ff83d210000 - 0x00007ff83d237000 	C:\Windows\SYSTEM32\WINMM.dll
0x00007ff84cff0000 - 0x00007ff84cffa000 	C:\Windows\SYSTEM32\VERSION.dll
0x00007ff84d530000 - 0x00007ff84d542000 	C:\Windows\SYSTEM32\kernel.appcore.dll
0x00007ff84d060000 - 0x00007ff84d06a000 	c:\Users\Master\.vscode\extensions\redhat.java-1.10.0-win32-x64\jre\17.0.4-win32-x86_64\bin\jimage.dll
0x00007ff8497e0000 - 0x00007ff8499c4000 	C:\Windows\SYSTEM32\DBGHELP.DLL
0x00007ff849770000 - 0x00007ff84979c000 	C:\Windows\SYSTEM32\dbgcore.DLL
0x00007ff84f610000 - 0x00007ff84f692000 	C:\Windows\System32\bcryptPrimitives.dll
0x00007ff84cfc0000 - 0x00007ff84cfce000 	c:\Users\Master\.vscode\extensions\redhat.java-1.10.0-win32-x64\jre\17.0.4-win32-x86_64\bin\instrument.dll
0x00007ff848850000 - 0x00007ff848875000 	c:\Users\Master\.vscode\extensions\redhat.java-1.10.0-win32-x64\jre\17.0.4-win32-x86_64\bin\java.dll
0x00007ff848830000 - 0x00007ff848848000 	c:\Users\Master\.vscode\extensions\redhat.java-1.10.0-win32-x64\jre\17.0.4-win32-x86_64\bin\zip.dll
0x00007ff850760000 - 0x00007ff850ea3000 	C:\Windows\System32\SHELL32.dll
0x00007ff84d6e0000 - 0x00007ff84de75000 	C:\Windows\SYSTEM32\windows.storage.dll
0x00007ff8510b0000 - 0x00007ff851404000 	C:\Windows\System32\combase.dll
0x00007ff84f070000 - 0x00007ff84f0a0000 	C:\Windows\SYSTEM32\Wldp.dll
0x00007ff851e00000 - 0x00007ff851ead000 	C:\Windows\System32\SHCORE.dll
0x00007ff851030000 - 0x00007ff851085000 	C:\Windows\System32\shlwapi.dll
0x00007ff84f550000 - 0x00007ff84f56f000 	C:\Windows\SYSTEM32\profapi.dll
0x00007ff848810000 - 0x00007ff848829000 	C:\Users\Master\.vscode\extensions\redhat.java-1.10.0-win32-x64\jre\17.0.4-win32-x86_64\bin\net.dll
0x00007ff849df0000 - 0x00007ff849efa000 	C:\Windows\SYSTEM32\WINHTTP.dll
0x00007ff84ed80000 - 0x00007ff84edea000 	C:\Windows\system32\mswsock.dll
0x00007ff848720000 - 0x00007ff848735000 	C:\Users\Master\.vscode\extensions\redhat.java-1.10.0-win32-x64\jre\17.0.4-win32-x86_64\bin\nio.dll
0x00007ff84a990000 - 0x00007ff84a9a0000 	c:\Users\Master\.vscode\extensions\redhat.java-1.10.0-win32-x64\jre\17.0.4-win32-x86_64\bin\verify.dll
0x00007ff8485c0000 - 0x00007ff8485fe000 	C:\Users\Master\AppData\Roaming\Code\User\globalStorage\redhat.java\1.10.0\config_win\org.eclipse.equinox.launcher\org.eclipse.equinox.launcher.win32.win32.x86_64_1.2.500.v20220509-0833\eclipse_11700.dll
0x00007ff851c60000 - 0x00007ff851d8a000 	C:\Windows\System32\ole32.dll

dbghelp: loaded successfully - version: 4.0.5 - missing functions: none
symbol engine: initialized successfully - sym options: 0x614 - pdb path: .;c:\Users\Master\.vscode\extensions\redhat.java-1.10.0-win32-x64\jre\17.0.4-win32-x86_64\bin;C:\Windows\SYSTEM32;C:\Windows\WinSxS\amd64_microsoft.windows.common-controls_6595b64144ccf1df_6.0.19041.1110_none_60b5254171f9507e;c:\Users\Master\.vscode\extensions\redhat.java-1.10.0-win32-x64\jre\17.0.4-win32-x86_64\bin\server;C:\Users\Master\AppData\Roaming\Code\User\globalStorage\redhat.java\1.10.0\config_win\org.eclipse.equinox.launcher\org.eclipse.equinox.launcher.win32.win32.x86_64_1.2.500.v20220509-0833

VM Arguments:
jvm_args: --add-modules=ALL-SYSTEM --add-opens=java.base/java.util=ALL-UNNAMED --add-opens=java.base/java.lang=ALL-UNNAMED --add-opens=java.base/sun.nio.fs=ALL-UNNAMED -Declipse.application=org.eclipse.jdt.ls.core.id1 -Dosgi.bundles.defaultStartLevel=4 -Declipse.product=org.eclipse.jdt.ls.core.product -Djava.import.generatesMetadataFilesAtProjectRoot=false -Dfile.encoding=utf8 -DwatchParentProcess=false -XX:+UseParallelGC -XX:GCTimeRatio=4 -XX:AdaptiveSizePolicyWeight=90 -Dsun.zip.disableMemoryMapping=true -Xmx1G -Xms100m -Xlog:jni+resolve=off -javaagent:c:\Users\Master\.vscode\extensions\redhat.java-1.10.0-win32-x64\lombok\lombok-1.18.24.jar -XX:+HeapDumpOnOutOfMemoryError -XX:HeapDumpPath=c:\Users\Master\AppData\Roaming\Code\User\workspaceStorage\26dc053a8745da9b9e349b27af862b50\redhat.java 
java_command: c:\Users\Master\.vscode\extensions\redhat.java-1.10.0-win32-x64\server\plugins\org.eclipse.equinox.launcher_1.6.400.v20210924-0641.jar -configuration c:\Users\Master\AppData\Roaming\Code\User\globalStorage\redhat.java\1.10.0\config_win -data c:\Users\Master\AppData\Roaming\Code\User\workspaceStorage\26dc053a8745da9b9e349b27af862b50\redhat.java\jdt_ws
java_class_path (initial): c:\Users\Master\.vscode\extensions\redhat.java-1.10.0-win32-x64\server\plugins\org.eclipse.equinox.launcher_1.6.400.v20210924-0641.jar
Launcher Type: SUN_STANDARD

[Global flags]
    uintx AdaptiveSizePolicyWeight                 = 90                                        {product} {command line}
     intx CICompilerCount                          = 4                                         {product} {ergonomic}
    uintx GCTimeRatio                              = 4                                         {product} {command line}
     bool HeapDumpOnOutOfMemoryError               = true                                   {manageable} {command line}
    ccstr HeapDumpPath                             = c:\Users\Master\AppData\Roaming\Code\User\workspaceStorage\26dc053a8745da9b9e349b27af862b50\redhat.java         {manageable} {command line}
   size_t InitialHeapSize                          = 104857600                                 {product} {command line}
   size_t MaxHeapSize                              = 1073741824                                {product} {command line}
   size_t MaxNewSize                               = 357564416                                 {product} {ergonomic}
   size_t MinHeapDeltaBytes                        = 524288                                    {product} {ergonomic}
   size_t MinHeapSize                              = 104857600                                 {product} {command line}
   size_t NewSize                                  = 34603008                                  {product} {ergonomic}
    uintx NonNMethodCodeHeapSize                   = 5839372                                {pd product} {ergonomic}
    uintx NonProfiledCodeHeapSize                  = 122909434                              {pd product} {ergonomic}
   size_t OldSize                                  = 70254592                                  {product} {ergonomic}
    uintx ProfiledCodeHeapSize                     = 122909434                              {pd product} {ergonomic}
    uintx ReservedCodeCacheSize                    = 251658240                              {pd product} {ergonomic}
     bool SegmentedCodeCache                       = true                                      {product} {ergonomic}
   size_t SoftMaxHeapSize                          = 1073741824                             {manageable} {ergonomic}
     bool UseCompressedClassPointers               = true                           {product lp64_product} {ergonomic}
     bool UseCompressedOops                        = true                           {product lp64_product} {ergonomic}
     bool UseLargePagesIndividualAllocation        = false                                  {pd product} {ergonomic}
     bool UseParallelGC                            = true                                      {product} {command line}

Logging:
Log output configuration:
 #0: stdout all=warning,jni+resolve=off uptime,level,tags
 #1: stderr all=off uptime,level,tags

Environment Variables:
JAVA_HOME=C:\Program Files\Java\jdk-11.0.11
PATH=C:\Windows\system32;C:\Windows;C:\Windows\System32\Wbem;C:\Windows\System32\WindowsPowerShell\v1.0\;C:\Windows\System32\OpenSSH\;C:\Program Files\NVIDIA Corporation\NVIDIA NvDLISR;C:\Program Files (x86)\NVIDIA Corporation\PhysX\Common;C:\Users\Master\AppData\Local\Programs\Python\Python39\Scripts;C:\Program Files (x86)\IncrediBuild;C:\Program Files\nodejs\;C:\xampp\php;C:\composer;C:\Program Files\Docker\Docker\resources\bin;C:\ProgramData\DockerDesktop\version-bin;C:\Users\Master\AppData\Local\Android\Sdk\platform-tools;C:\Program Files\Git\cmd;C:\Users\Master\AppData\Local\Microsoft\WindowsApps;C:\Users\Master\AppData\Local\Programs\Microsoft VS Code\bin;C:\Program Files\Java\jdk-11.0.11\bin;C:\Users\Master\AppData\Local\Pub\Cache\bin;C:\Users\Master\AppData\Roaming\npm;C:\Users\Master\AppData\Roaming\Composer\vendor\bin;C:\Program Files\Git\usr\bin;C:\Users\Master\AppData\Local\GitHubDesktop\bin
USERNAME=Master
OS=Windows_NT
PROCESSOR_IDENTIFIER=AMD64 Family 23 Model 113 Stepping 0, AuthenticAMD
TMP=C:\Users\Master\AppData\Local\Temp
TEMP=C:\Users\Master\AppData\Local\Temp



---------------  S Y S T E M  ---------------

OS:
 Windows 10 , 64 bit Build 19041 (10.0.19041.1889)
OS uptime: 3 days 16:06 hours
Hyper-V role detected

CPU: total 12 (initial active 12) (12 cores per cpu, 2 threads per core) family 23 model 113 stepping 0 microcode 0x0, cx8, cmov, fxsr, ht, mmx, 3dnowpref, sse, sse2, sse3, ssse3, sse4a, sse4.1, sse4.2, popcnt, lzcnt, tsc, tscinvbit, avx, avx2, aes, clmul, bmi1, bmi2, adx, sha, fma, vzeroupper, clflush, clflushopt, hv

Memory: 4k page, system-wide physical 8109M (358M free)
TotalPageFile size 32685M (AvailPageFile size 5M)
current process WorkingSet (physical memory assigned to process): 150M, peak: 150M
current process commit charge ("private bytes"): 254M, peak: 255M

vm_info: OpenJDK 64-Bit Server VM (17.0.4+8) for windows-amd64 JRE (17.0.4+8), built on Jul 19 2022 16:05:16 by "temurin" with MS VC++ 16.7 (VS2019)

END.
