#
# There is insufficient memory for the Java Runtime Environment to continue.
# Native memory allocation (malloc) failed to allocate 1049776 bytes for Chunk::new
# Possible reasons:
#   The system is out of physical RAM or swap space
#   The process is running with CompressedOops enabled, and the Java Heap may be blocking the growth of the native heap
# Possible solutions:
#   Reduce memory load on the system
#   Increase physical memory or swap space
#   Check if swap backing store is full
#   Decrease Java heap size (-Xmx/-Xms)
#   Decrease number of Java threads
#   Decrease Java thread stack sizes (-Xss)
#   Set larger code cache with -XX:ReservedCodeCacheSize=
#   JVM is running with Unscaled Compressed Oops mode in which the Java heap is
#     placed in the first 4GB address space. The Java Heap base address is the
#     maximum limit for the native heap growth. Please use -XX:HeapBaseMinAddress
#     to set the Java Heap base and to place the Java Heap above 4GB virtual address.
# This output file may be truncated or incomplete.
#
#  Out of Memory Error (arena.cpp:189), pid=10548, tid=16172
#
# JRE version: OpenJDK Runtime Environment Temurin-17.0.4+8 (17.0.4+8) (build 17.0.4+8)
# Java VM: OpenJDK 64-Bit Server VM Temurin-17.0.4+8 (17.0.4+8, mixed mode, tiered, compressed oops, compressed class ptrs, parallel gc, windows-amd64)
# No core dump will be written. Minidumps are not enabled by default on client versions of Windows
#

---------------  S U M M A R Y ------------

Command Line: --add-modules=ALL-SYSTEM --add-opens=java.base/java.util=ALL-UNNAMED --add-opens=java.base/java.lang=ALL-UNNAMED --add-opens=java.base/sun.nio.fs=ALL-UNNAMED -Declipse.application=org.eclipse.jdt.ls.core.id1 -Dosgi.bundles.defaultStartLevel=4 -Declipse.product=org.eclipse.jdt.ls.core.product -Djava.import.generatesMetadataFilesAtProjectRoot=false -Dfile.encoding=utf8 -DwatchParentProcess=false -XX:+UseParallelGC -XX:GCTimeRatio=4 -XX:AdaptiveSizePolicyWeight=90 -Dsun.zip.disableMemoryMapping=true -Xmx1G -Xms100m -Xlog:jni+resolve=off -javaagent:c:\Users\Master\.vscode\extensions\redhat.java-1.10.0-win32-x64\lombok\lombok-1.18.24.jar c:\Users\Master\.vscode\extensions\redhat.java-1.10.0-win32-x64\server\plugins\org.eclipse.equinox.launcher_1.6.400.v20210924-0641.jar -configuration c:\Users\Master\AppData\Roaming\Code\User\globalStorage\redhat.java\1.10.0\config_ss_win -data c:\Users\Master\AppData\Roaming\Code\User\workspaceStorage\26dc053a8745da9b9e349b27af862b50\redhat.java\ss_ws

Host: AMD Ryzen 5 3600 6-Core Processor              , 12 cores, 7G,  Windows 10 , 64 bit Build 19041 (10.0.19041.1889)
Time: Wed Sep 21 04:54:06 2022 Hora oficial do Brasil elapsed time: 3.074302 seconds (0d 0h 0m 3s)

---------------  T H R E A D  ---------------

Current thread (0x000001e3620c7040):  JavaThread "C2 CompilerThread0" daemon [_thread_in_native, id=16172, stack(0x0000005a9f400000,0x0000005a9f500000)]


Current CompileTask:
C2:   3074 2688       4       jdk.internal.org.objectweb.asm.Frame::execute (2318 bytes)

Stack: [0x0000005a9f400000,0x0000005a9f500000]
Native frames: (J=compiled Java code, j=interpreted, Vv=VM code, C=native code)
V  [jvm.dll+0x67733a]
V  [jvm.dll+0x8323c4]
V  [jvm.dll+0x833b6e]
V  [jvm.dll+0x8341d3]
V  [jvm.dll+0x2455e5]
V  [jvm.dll+0xabd7b]
V  [jvm.dll+0xac30c]
V  [jvm.dll+0x363a22]
V  [jvm.dll+0x1bbd88]
V  [jvm.dll+0x218629]
V  [jvm.dll+0x2178f1]
V  [jvm.dll+0x1a3f8d]
V  [jvm.dll+0x227308]
V  [jvm.dll+0x225455]
V  [jvm.dll+0x7e7eeb]
V  [jvm.dll+0x7e245a]
V  [jvm.dll+0x6761c5]
C  [ucrtbase.dll+0x21bb2]
C  [KERNEL32.DLL+0x17034]
C  [ntdll.dll+0x526a1]


---------------  P R O C E S S  ---------------

Threads class SMR info:
_java_thread_list=0x000001e364a91840, length=21, elements={
0x000001e34c52f3d0, 0x000001e3603c2720, 0x000001e3603c3e70, 0x000001e362096c50,
0x000001e3603c5390, 0x000001e3603c6000, 0x000001e3603c87e0, 0x000001e3620c7040,
0x000001e3620ca9e0, 0x000001e3620d0eb0, 0x000001e362245b50, 0x000001e362244340,
0x000001e3622451b0, 0x000001e362244810, 0x000001e362244ce0, 0x000001e362245680,
0x000001e363bb1290, 0x000001e363bb6460, 0x000001e363bb0420, 0x000001e363bb77a0,
0x000001e363bb5f90
}

Java Threads: ( => current thread )
  0x000001e34c52f3d0 JavaThread "main" [_thread_blocked, id=19724, stack(0x0000005a9eb00000,0x0000005a9ec00000)]
  0x000001e3603c2720 JavaThread "Reference Handler" daemon [_thread_blocked, id=5692, stack(0x0000005a9ee00000,0x0000005a9ef00000)]
  0x000001e3603c3e70 JavaThread "Finalizer" daemon [_thread_blocked, id=24324, stack(0x0000005a9ef00000,0x0000005a9f000000)]
  0x000001e362096c50 JavaThread "Signal Dispatcher" daemon [_thread_blocked, id=7132, stack(0x0000005a9f000000,0x0000005a9f100000)]
  0x000001e3603c5390 JavaThread "Attach Listener" daemon [_thread_blocked, id=17700, stack(0x0000005a9f100000,0x0000005a9f200000)]
  0x000001e3603c6000 JavaThread "Service Thread" daemon [_thread_blocked, id=13476, stack(0x0000005a9f200000,0x0000005a9f300000)]
  0x000001e3603c87e0 JavaThread "Monitor Deflation Thread" daemon [_thread_blocked, id=22620, stack(0x0000005a9f300000,0x0000005a9f400000)]
=>0x000001e3620c7040 JavaThread "C2 CompilerThread0" daemon [_thread_in_native, id=16172, stack(0x0000005a9f400000,0x0000005a9f500000)]
  0x000001e3620ca9e0 JavaThread "C1 CompilerThread0" daemon [_thread_blocked, id=17164, stack(0x0000005a9f500000,0x0000005a9f600000)]
  0x000001e3620d0eb0 JavaThread "Sweeper thread" daemon [_thread_blocked, id=6492, stack(0x0000005a9f600000,0x0000005a9f700000)]
  0x000001e362245b50 JavaThread "Common-Cleaner" daemon [_thread_blocked, id=10536, stack(0x0000005a9f700000,0x0000005a9f800000)]
  0x000001e362244340 JavaThread "Notification Thread" daemon [_thread_blocked, id=1892, stack(0x0000005a9f900000,0x0000005a9fa00000)]
  0x000001e3622451b0 JavaThread "Active Thread: Equinox Container: 4a6fedef-a927-476f-bc16-b4b8d034a20a" [_thread_blocked, id=24820, stack(0x0000005aa0000000,0x0000005aa0100000)]
  0x000001e362244810 JavaThread "Framework Event Dispatcher: Equinox Container: 4a6fedef-a927-476f-bc16-b4b8d034a20a" daemon [_thread_blocked, id=8776, stack(0x0000005aa0100000,0x0000005aa0200000)]
  0x000001e362244ce0 JavaThread "Start Level: Equinox Container: 4a6fedef-a927-476f-bc16-b4b8d034a20a" daemon [_thread_blocked, id=21044, stack(0x0000005aa0200000,0x0000005aa0300000)]
  0x000001e362245680 JavaThread "SCR Component Actor" daemon [_thread_blocked, id=1988, stack(0x0000005aa0300000,0x0000005aa0400000)]
  0x000001e363bb1290 JavaThread "SCR Component Registry" daemon [_thread_blocked, id=25360, stack(0x0000005aa0600000,0x0000005aa0700000)]
  0x000001e363bb6460 JavaThread "Worker-JM" [_thread_blocked, id=472, stack(0x0000005aa0700000,0x0000005aa0800000)]
  0x000001e363bb0420 JavaThread "Worker-0" [_thread_blocked, id=5028, stack(0x0000005aa0a00000,0x0000005aa0b00000)]
  0x000001e363bb77a0 JavaThread "Worker-1" [_thread_blocked, id=11060, stack(0x0000005aa0b00000,0x0000005aa0c00000)]
  0x000001e363bb5f90 JavaThread "pool-1-thread-1" [_thread_in_vm, id=15084, stack(0x0000005a9f800000,0x0000005a9f900000)]

Other Threads:
  0x000001e3603bdd50 VMThread "VM Thread" [stack: 0x0000005a9ed00000,0x0000005a9ee00000] [id=24496]
  0x000001e36239cd50 WatcherThread [stack: 0x0000005a9fa00000,0x0000005a9fb00000] [id=20028]
  0x000001e34c5453d0 GCTaskThread "GC Thread#0" [stack: 0x0000005a9ec00000,0x0000005a9ed00000] [id=14256]
  0x000001e363b7f6e0 GCTaskThread "GC Thread#1" [stack: 0x0000005a9fb00000,0x0000005a9fc00000] [id=17952]
  0x000001e363b7f990 GCTaskThread "GC Thread#2" [stack: 0x0000005a9fc00000,0x0000005a9fd00000] [id=20316]
  0x000001e363b66ee0 GCTaskThread "GC Thread#3" [stack: 0x0000005a9fd00000,0x0000005a9fe00000] [id=10336]
  0x000001e363b67190 GCTaskThread "GC Thread#4" [stack: 0x0000005a9fe00000,0x0000005a9ff00000] [id=18928]
  0x000001e363b67440 GCTaskThread "GC Thread#5" [stack: 0x0000005a9ff00000,0x0000005aa0000000] [id=13308]
  0x000001e3649433d0 GCTaskThread "GC Thread#6" [stack: 0x0000005aa0400000,0x0000005aa0500000] [id=23372]
  0x000001e364cdc310 GCTaskThread "GC Thread#7" [stack: 0x0000005aa0500000,0x0000005aa0600000] [id=21252]
  0x000001e364b184b0 GCTaskThread "GC Thread#8" [stack: 0x0000005aa0800000,0x0000005aa0900000] [id=3724]
  0x000001e364b18760 GCTaskThread "GC Thread#9" [stack: 0x0000005aa0900000,0x0000005aa0a00000] [id=18412]

Threads with active compile tasks:
C2 CompilerThread0     3090 2688       4       jdk.internal.org.objectweb.asm.Frame::execute (2318 bytes)
C1 CompilerThread0     3090 2871       3       java.lang.reflect.Field::get (29 bytes)

VM state: not at safepoint (normal execution)

VM Mutex/Monitor currently owned by a thread: None

Heap address: 0x00000000c0000000, size: 1024 MB, Compressed Oops mode: 32-bit

CDS archive(s) not mapped
Compressed class space mapped at: 0x0000000100000000-0x0000000140000000, reserved size: 1073741824
Narrow klass base: 0x0000000000000000, Narrow klass shift: 3, Narrow klass range: 0x140000000

GC Precious Log:
 CPUs: 12 total, 12 available
 Memory: 8109M
 Large Page Support: Disabled
 NUMA Support: Disabled
 Compressed Oops: Enabled (32-bit)
 Alignments: Space 512K, Generation 512K, Heap 2M
 Heap Min Capacity: 100M
 Heap Initial Capacity: 100M
 Heap Max Capacity: 1G
 Pre-touch: Disabled
 Parallel Workers: 10

Heap:
 PSYoungGen      total 25600K, used 12295K [0x00000000eab00000, 0x00000000ec880000, 0x0000000100000000)
  eden space 24064K, 44% used [0x00000000eab00000,0x00000000eb587638,0x00000000ec280000)
  from space 1536K, 98% used [0x00000000ec500000,0x00000000ec67a7a0,0x00000000ec680000)
  to   space 2048K, 0% used [0x00000000ec680000,0x00000000ec680000,0x00000000ec880000)
 ParOldGen       total 68608K, used 7954K [0x00000000c0000000, 0x00000000c4300000, 0x00000000eab00000)
  object space 68608K, 11% used [0x00000000c0000000,0x00000000c07c48e0,0x00000000c4300000)
 Metaspace       used 33711K, committed 34368K, reserved 1081344K
  class space    used 3412K, committed 3712K, reserved 1048576K

Card table byte_map: [0x000001e34bef0000,0x000001e34c100000] _byte_map_base: 0x000001e34b8f0000

Marking Bits: (ParMarkBitMap*) 0x00007fffeb4a2cd0
 Begin Bits: [0x000001e35e1d0000, 0x000001e35f1d0000)
 End Bits:   [0x000001e35f1d0000, 0x000001e3601d0000)

Polling page: 0x000001e34a4c0000

Metaspace:

Usage:
  Non-class:     29.59 MB used.
      Class:      3.33 MB used.
       Both:     32.92 MB used.

Virtual space:
  Non-class space:       32.00 MB reserved,      29.94 MB ( 94%) committed,  4 nodes.
      Class space:        1.00 GB reserved,       3.62 MB ( <1%) committed,  1 nodes.
             Both:        1.03 GB reserved,      33.56 MB (  3%) committed. 

Chunk freelists:
   Non-Class:  1.70 MB
       Class:  416.00 KB
        Both:  2.11 MB

MaxMetaspaceSize: unlimited
CompressedClassSpaceSize: 1.00 GB
Initial GC threshold: 21.00 MB
Current GC threshold: 35.00 MB
CDS: off
MetaspaceReclaimPolicy: balanced
 - commit_granule_bytes: 65536.
 - commit_granule_words: 8192.
 - virtual_space_node_default_size: 1048576.
 - enlarge_chunks_in_place: 1.
 - new_chunks_are_fully_committed: 0.
 - uncommit_free_chunks: 1.
 - use_allocation_guard: 0.
 - handle_deallocations: 1.


Internal statistics:

num_allocs_failed_limit: 3.
num_arena_births: 254.
num_arena_deaths: 14.
num_vsnodes_births: 5.
num_vsnodes_deaths: 0.
num_space_committed: 537.
num_space_uncommitted: 0.
num_chunks_returned_to_freelist: 17.
num_chunks_taken_from_freelist: 1234.
num_chunk_merges: 7.
num_chunk_splits: 836.
num_chunks_enlarged: 608.
num_purges: 2.
num_inconsistent_stats: 0.

CodeHeap 'non-profiled nmethods': size=120000Kb used=1122Kb max_used=1122Kb free=118877Kb
 bounds [0x000001e356ca0000, 0x000001e356f10000, 0x000001e35e1d0000]
CodeHeap 'profiled nmethods': size=120000Kb used=5850Kb max_used=5850Kb free=114149Kb
 bounds [0x000001e34f770000, 0x000001e34fd30000, 0x000001e356ca0000]
CodeHeap 'non-nmethods': size=5760Kb used=1250Kb max_used=1269Kb free=4509Kb
 bounds [0x000001e34f1d0000, 0x000001e34f440000, 0x000001e34f770000]
 total_blobs=3425 nmethods=2861 adapters=477
 compilation: enabled
              stopped_count=0, restarted_count=0
 full_count=0

Compilation events (20 events):
Event: 3.050 Thread 0x000001e3620ca9e0 2861       3       java.lang.invoke.MethodHandles$Lookup$ClassDefiner::<init> (58 bytes)
Event: 3.050 Thread 0x000001e3620ca9e0 nmethod 2861 0x000001e34fd20f10 code [0x000001e34fd210a0, 0x000001e34fd21278]
Event: 3.056 Thread 0x000001e3620ca9e0 2862       3       jdk.internal.loader.URLClassPath$JarLoader::findResource (18 bytes)
Event: 3.056 Thread 0x000001e3620ca9e0 nmethod 2862 0x000001e34fd21390 code [0x000001e34fd21540, 0x000001e34fd217b8]
Event: 3.058 Thread 0x000001e3620ca9e0 2863       3       jdk.internal.loader.URLClassPath$JarLoader$2::getInputStream (15 bytes)
Event: 3.058 Thread 0x000001e3620ca9e0 nmethod 2863 0x000001e34fd21890 code [0x000001e34fd21a40, 0x000001e34fd21c28]
Event: 3.058 Thread 0x000001e3620ca9e0 2864  s    3       jdk.internal.loader.Resource::cachedInputStream (20 bytes)
Event: 3.058 Thread 0x000001e3620ca9e0 nmethod 2864 0x000001e34fd21d10 code [0x000001e34fd21ec0, 0x000001e34fd22188]
Event: 3.059 Thread 0x000001e3620ca9e0 2865       3       sun.net.www.protocol.jar.Handler::parseContextSpec (150 bytes)
Event: 3.061 Thread 0x000001e3620ca9e0 nmethod 2865 0x000001e34fd22290 code [0x000001e34fd22720, 0x000001e34fd243d8]
Event: 3.068 Thread 0x000001e3620ca9e0 2866       3       java.nio.ByteBuffer::arrayOffset (35 bytes)
Event: 3.068 Thread 0x000001e3620ca9e0 nmethod 2866 0x000001e34fd24e10 code [0x000001e34fd24fe0, 0x000001e34fd25298]
Event: 3.068 Thread 0x000001e3620ca9e0 2867       3       java.nio.charset.CoderResult::isUnderflow (13 bytes)
Event: 3.068 Thread 0x000001e3620ca9e0 nmethod 2867 0x000001e34fd25390 code [0x000001e34fd25520, 0x000001e34fd25698]
Event: 3.069 Thread 0x000001e3620ca9e0 2868       3       java.io.BufferedWriter::ensureOpen (18 bytes)
Event: 3.069 Thread 0x000001e3620ca9e0 nmethod 2868 0x000001e34fd25710 code [0x000001e34fd258c0, 0x000001e34fd25ac8]
Event: 3.069 Thread 0x000001e3620ca9e0 2869       3       java.nio.CharBuffer::arrayOffset (35 bytes)
Event: 3.069 Thread 0x000001e3620ca9e0 nmethod 2869 0x000001e34fd25b90 code [0x000001e34fd25d60, 0x000001e34fd26018]
Event: 3.069 Thread 0x000001e3620ca9e0 2870       3       java.util.Calendar::internalSet (8 bytes)
Event: 3.069 Thread 0x000001e3620ca9e0 nmethod 2870 0x000001e34fd26110 code [0x000001e34fd262a0, 0x000001e34fd263d8]

GC Heap History (16 events):
Event: 0.682 GC heap before
{Heap before GC invocations=1 (full 0):
 PSYoungGen      total 29696K, used 25600K [0x00000000eab00000, 0x00000000ecc00000, 0x0000000100000000)
  eden space 25600K, 100% used [0x00000000eab00000,0x00000000ec400000,0x00000000ec400000)
  from space 4096K, 0% used [0x00000000ec800000,0x00000000ec800000,0x00000000ecc00000)
  to   space 4096K, 0% used [0x00000000ec400000,0x00000000ec400000,0x00000000ec800000)
 ParOldGen       total 68608K, used 0K [0x00000000c0000000, 0x00000000c4300000, 0x00000000eab00000)
  object space 68608K, 0% used [0x00000000c0000000,0x00000000c0000000,0x00000000c4300000)
 Metaspace       used 10826K, committed 11008K, reserved 1064960K
  class space    used 1089K, committed 1152K, reserved 1048576K
}
Event: 0.689 GC heap after
{Heap after GC invocations=1 (full 0):
 PSYoungGen      total 29696K, used 3233K [0x00000000eab00000, 0x00000000ecc00000, 0x0000000100000000)
  eden space 25600K, 0% used [0x00000000eab00000,0x00000000eab00000,0x00000000ec400000)
  from space 4096K, 78% used [0x00000000ec400000,0x00000000ec728618,0x00000000ec800000)
  to   space 4096K, 0% used [0x00000000ec800000,0x00000000ec800000,0x00000000ecc00000)
 ParOldGen       total 68608K, used 16K [0x00000000c0000000, 0x00000000c4300000, 0x00000000eab00000)
  object space 68608K, 0% used [0x00000000c0000000,0x00000000c0004000,0x00000000c4300000)
 Metaspace       used 10826K, committed 11008K, reserved 1064960K
  class space    used 1089K, committed 1152K, reserved 1048576K
}
Event: 1.072 GC heap before
{Heap before GC invocations=2 (full 0):
 PSYoungGen      total 29696K, used 28833K [0x00000000eab00000, 0x00000000ecc00000, 0x0000000100000000)
  eden space 25600K, 99% used [0x00000000eab00000,0x00000000ec3fffb8,0x00000000ec400000)
  from space 4096K, 78% used [0x00000000ec400000,0x00000000ec728618,0x00000000ec800000)
  to   space 4096K, 0% used [0x00000000ec800000,0x00000000ec800000,0x00000000ecc00000)
 ParOldGen       total 68608K, used 16K [0x00000000c0000000, 0x00000000c4300000, 0x00000000eab00000)
  object space 68608K, 0% used [0x00000000c0000000,0x00000000c0004000,0x00000000c4300000)
 Metaspace       used 15152K, committed 15360K, reserved 1064960K
  class space    used 1550K, committed 1664K, reserved 1048576K
}
Event: 1.078 GC heap after
{Heap after GC invocations=2 (full 0):
 PSYoungGen      total 29696K, used 4087K [0x00000000eab00000, 0x00000000ecc00000, 0x0000000100000000)
  eden space 25600K, 0% used [0x00000000eab00000,0x00000000eab00000,0x00000000ec400000)
  from space 4096K, 99% used [0x00000000ec800000,0x00000000ecbfde58,0x00000000ecc00000)
  to   space 4096K, 0% used [0x00000000ec400000,0x00000000ec400000,0x00000000ec800000)
 ParOldGen       total 68608K, used 666K [0x00000000c0000000, 0x00000000c4300000, 0x00000000eab00000)
  object space 68608K, 0% used [0x00000000c0000000,0x00000000c00a6830,0x00000000c4300000)
 Metaspace       used 15152K, committed 15360K, reserved 1064960K
  class space    used 1550K, committed 1664K, reserved 1048576K
}
Event: 1.460 GC heap before
{Heap before GC invocations=3 (full 0):
 PSYoungGen      total 29696K, used 29687K [0x00000000eab00000, 0x00000000ecc00000, 0x0000000100000000)
  eden space 25600K, 100% used [0x00000000eab00000,0x00000000ec400000,0x00000000ec400000)
  from space 4096K, 99% used [0x00000000ec800000,0x00000000ecbfde58,0x00000000ecc00000)
  to   space 4096K, 0% used [0x00000000ec400000,0x00000000ec400000,0x00000000ec800000)
 ParOldGen       total 68608K, used 666K [0x00000000c0000000, 0x00000000c4300000, 0x00000000eab00000)
  object space 68608K, 0% used [0x00000000c0000000,0x00000000c00a6830,0x00000000c4300000)
 Metaspace       used 20148K, committed 20480K, reserved 1073152K
  class space    used 2058K, committed 2176K, reserved 1048576K
}
Event: 1.464 GC heap after
{Heap after GC invocations=3 (full 0):
 PSYoungGen      total 29696K, used 4088K [0x00000000eab00000, 0x00000000ecc00000, 0x0000000100000000)
  eden space 25600K, 0% used [0x00000000eab00000,0x00000000eab00000,0x00000000ec400000)
  from space 4096K, 99% used [0x00000000ec400000,0x00000000ec7fe138,0x00000000ec800000)
  to   space 4096K, 0% used [0x00000000ec800000,0x00000000ec800000,0x00000000ecc00000)
 ParOldGen       total 68608K, used 2731K [0x00000000c0000000, 0x00000000c4300000, 0x00000000eab00000)
  object space 68608K, 3% used [0x00000000c0000000,0x00000000c02aacc8,0x00000000c4300000)
 Metaspace       used 20148K, committed 20480K, reserved 1073152K
  class space    used 2058K, committed 2176K, reserved 1048576K
}
Event: 1.543 GC heap before
{Heap before GC invocations=4 (full 0):
 PSYoungGen      total 29696K, used 9691K [0x00000000eab00000, 0x00000000ecc00000, 0x0000000100000000)
  eden space 25600K, 21% used [0x00000000eab00000,0x00000000eb078b10,0x00000000ec400000)
  from space 4096K, 99% used [0x00000000ec400000,0x00000000ec7fe138,0x00000000ec800000)
  to   space 4096K, 0% used [0x00000000ec800000,0x00000000ec800000,0x00000000ecc00000)
 ParOldGen       total 68608K, used 2731K [0x00000000c0000000, 0x00000000c4300000, 0x00000000eab00000)
  object space 68608K, 3% used [0x00000000c0000000,0x00000000c02aacc8,0x00000000c4300000)
 Metaspace       used 21111K, committed 21504K, reserved 1073152K
  class space    used 2149K, committed 2368K, reserved 1048576K
}
Event: 1.546 GC heap after
{Heap after GC invocations=4 (full 0):
 PSYoungGen      total 29696K, used 4079K [0x00000000eab00000, 0x00000000ecc00000, 0x0000000100000000)
  eden space 25600K, 0% used [0x00000000eab00000,0x00000000eab00000,0x00000000ec400000)
  from space 4096K, 99% used [0x00000000ec800000,0x00000000ecbfbdf0,0x00000000ecc00000)
  to   space 4096K, 0% used [0x00000000ec400000,0x00000000ec400000,0x00000000ec800000)
 ParOldGen       total 68608K, used 3131K [0x00000000c0000000, 0x00000000c4300000, 0x00000000eab00000)
  object space 68608K, 4% used [0x00000000c0000000,0x00000000c030ee98,0x00000000c4300000)
 Metaspace       used 21111K, committed 21504K, reserved 1073152K
  class space    used 2149K, committed 2368K, reserved 1048576K
}
Event: 1.546 GC heap before
{Heap before GC invocations=5 (full 1):
 PSYoungGen      total 29696K, used 4079K [0x00000000eab00000, 0x00000000ecc00000, 0x0000000100000000)
  eden space 25600K, 0% used [0x00000000eab00000,0x00000000eab00000,0x00000000ec400000)
  from space 4096K, 99% used [0x00000000ec800000,0x00000000ecbfbdf0,0x00000000ecc00000)
  to   space 4096K, 0% used [0x00000000ec400000,0x00000000ec400000,0x00000000ec800000)
 ParOldGen       total 68608K, used 3131K [0x00000000c0000000, 0x00000000c4300000, 0x00000000eab00000)
  object space 68608K, 4% used [0x00000000c0000000,0x00000000c030ee98,0x00000000c4300000)
 Metaspace       used 21111K, committed 21504K, reserved 1073152K
  class space    used 2149K, committed 2368K, reserved 1048576K
}
Event: 1.566 GC heap after
{Heap after GC invocations=5 (full 1):
 PSYoungGen      total 29696K, used 0K [0x00000000eab00000, 0x00000000ecc00000, 0x0000000100000000)
  eden space 25600K, 0% used [0x00000000eab00000,0x00000000eab00000,0x00000000ec400000)
  from space 4096K, 0% used [0x00000000ec800000,0x00000000ec800000,0x00000000ecc00000)
  to   space 4096K, 0% used [0x00000000ec400000,0x00000000ec400000,0x00000000ec800000)
 ParOldGen       total 68608K, used 7053K [0x00000000c0000000, 0x00000000c4300000, 0x00000000eab00000)
  object space 68608K, 10% used [0x00000000c0000000,0x00000000c06e34a0,0x00000000c4300000)
 Metaspace       used 21098K, committed 21504K, reserved 1073152K
  class space    used 2146K, committed 2368K, reserved 1048576K
}
Event: 1.827 GC heap before
{Heap before GC invocations=6 (full 1):
 PSYoungGen      total 29696K, used 25600K [0x00000000eab00000, 0x00000000ecc00000, 0x0000000100000000)
  eden space 25600K, 100% used [0x00000000eab00000,0x00000000ec400000,0x00000000ec400000)
  from space 4096K, 0% used [0x00000000ec800000,0x00000000ec800000,0x00000000ecc00000)
  to   space 4096K, 0% used [0x00000000ec400000,0x00000000ec400000,0x00000000ec800000)
 ParOldGen       total 68608K, used 7053K [0x00000000c0000000, 0x00000000c4300000, 0x00000000eab00000)
  object space 68608K, 10% used [0x00000000c0000000,0x00000000c06e34a0,0x00000000c4300000)
 Metaspace       used 24655K, committed 25024K, reserved 1073152K
  class space    used 2403K, committed 2560K, reserved 1048576K
}
Event: 1.828 GC heap after
{Heap after GC invocations=6 (full 1):
 PSYoungGen      total 25600K, used 371K [0x00000000eab00000, 0x00000000ec880000, 0x0000000100000000)
  eden space 25088K, 0% used [0x00000000eab00000,0x00000000eab00000,0x00000000ec380000)
  from space 512K, 72% used [0x00000000ec400000,0x00000000ec45cd08,0x00000000ec480000)
  to   space 2048K, 0% used [0x00000000ec680000,0x00000000ec680000,0x00000000ec880000)
 ParOldGen       total 68608K, used 7061K [0x00000000c0000000, 0x00000000c4300000, 0x00000000eab00000)
  object space 68608K, 10% used [0x00000000c0000000,0x00000000c06e54a0,0x00000000c4300000)
 Metaspace       used 24655K, committed 25024K, reserved 1073152K
  class space    used 2403K, committed 2560K, reserved 1048576K
}
Event: 2.560 GC heap before
{Heap before GC invocations=7 (full 1):
 PSYoungGen      total 25600K, used 25459K [0x00000000eab00000, 0x00000000ec880000, 0x0000000100000000)
  eden space 25088K, 100% used [0x00000000eab00000,0x00000000ec380000,0x00000000ec380000)
  from space 512K, 72% used [0x00000000ec400000,0x00000000ec45cd08,0x00000000ec480000)
  to   space 2048K, 0% used [0x00000000ec680000,0x00000000ec680000,0x00000000ec880000)
 ParOldGen       total 68608K, used 7061K [0x00000000c0000000, 0x00000000c4300000, 0x00000000eab00000)
  object space 68608K, 10% used [0x00000000c0000000,0x00000000c06e54a0,0x00000000c4300000)
 Metaspace       used 27473K, committed 27904K, reserved 1081344K
  class space    used 2664K, committed 2816K, reserved 1048576K
}
Event: 2.561 GC heap after
{Heap after GC invocations=7 (full 1):
 PSYoungGen      total 26112K, used 1192K [0x00000000eab00000, 0x00000000ec800000, 0x0000000100000000)
  eden space 24576K, 0% used [0x00000000eab00000,0x00000000eab00000,0x00000000ec300000)
  from space 1536K, 77% used [0x00000000ec680000,0x00000000ec7aa0b0,0x00000000ec800000)
  to   space 1536K, 0% used [0x00000000ec500000,0x00000000ec500000,0x00000000ec680000)
 ParOldGen       total 68608K, used 7069K [0x00000000c0000000, 0x00000000c4300000, 0x00000000eab00000)
  object space 68608K, 10% used [0x00000000c0000000,0x00000000c06e74a0,0x00000000c4300000)
 Metaspace       used 27473K, committed 27904K, reserved 1081344K
  class space    used 2664K, committed 2816K, reserved 1048576K
}
Event: 2.910 GC heap before
{Heap before GC invocations=8 (full 1):
 PSYoungGen      total 26112K, used 25768K [0x00000000eab00000, 0x00000000ec800000, 0x0000000100000000)
  eden space 24576K, 100% used [0x00000000eab00000,0x00000000ec300000,0x00000000ec300000)
  from space 1536K, 77% used [0x00000000ec680000,0x00000000ec7aa0b0,0x00000000ec800000)
  to   space 1536K, 0% used [0x00000000ec500000,0x00000000ec500000,0x00000000ec680000)
 ParOldGen       total 68608K, used 7069K [0x00000000c0000000, 0x00000000c4300000, 0x00000000eab00000)
  object space 68608K, 10% used [0x00000000c0000000,0x00000000c06e74a0,0x00000000c4300000)
 Metaspace       used 31833K, committed 32384K, reserved 1081344K
  class space    used 3216K, committed 3456K, reserved 1048576K
}
Event: 2.912 GC heap after
{Heap after GC invocations=8 (full 1):
 PSYoungGen      total 25600K, used 1513K [0x00000000eab00000, 0x00000000ec880000, 0x0000000100000000)
  eden space 24064K, 0% used [0x00000000eab00000,0x00000000eab00000,0x00000000ec280000)
  from space 1536K, 98% used [0x00000000ec500000,0x00000000ec67a7a0,0x00000000ec680000)
  to   space 2048K, 0% used [0x00000000ec680000,0x00000000ec680000,0x00000000ec880000)
 ParOldGen       total 68608K, used 7954K [0x00000000c0000000, 0x00000000c4300000, 0x00000000eab00000)
  object space 68608K, 11% used [0x00000000c0000000,0x00000000c07c48e0,0x00000000c4300000)
 Metaspace       used 31833K, committed 32384K, reserved 1081344K
  class space    used 3216K, committed 3456K, reserved 1048576K
}

Deoptimization events (20 events):
Event: 2.728 Thread 0x000001e362244ce0 DEOPT PACKING pc=0x000001e356da0324 sp=0x0000005aa02fccc0
Event: 2.728 Thread 0x000001e362244ce0 DEOPT UNPACKING pc=0x000001e34f2220a3 sp=0x0000005aa02fcbe0 mode 2
Event: 2.749 Thread 0x000001e34c52f3d0 Uncommon trap: trap_request=0xffffff76 fr.pc=0x000001e356d9e158 relative=0x0000000000000598
Event: 2.749 Thread 0x000001e34c52f3d0 Uncommon trap: reason=predicate action=maybe_recompile pc=0x000001e356d9e158 method=java.util.TreeMap.getEntryUsingComparator(Ljava/lang/Object;)Ljava/util/TreeMap$Entry; @ 19 c2
Event: 2.749 Thread 0x000001e34c52f3d0 DEOPT PACKING pc=0x000001e356d9e158 sp=0x0000005a9ebfde60
Event: 2.749 Thread 0x000001e34c52f3d0 DEOPT UNPACKING pc=0x000001e34f2220a3 sp=0x0000005a9ebfde10 mode 2
Event: 2.922 Thread 0x000001e363bb5f90 Uncommon trap: trap_request=0xffffff45 fr.pc=0x000001e356d07a4c relative=0x00000000000001ac
Event: 2.922 Thread 0x000001e363bb5f90 Uncommon trap: reason=unstable_if action=reinterpret pc=0x000001e356d07a4c method=java.net.URI$Parser.scan(IIJJ)I @ 42 c2
Event: 2.922 Thread 0x000001e363bb5f90 DEOPT PACKING pc=0x000001e356d07a4c sp=0x0000005a9f8fe100
Event: 2.922 Thread 0x000001e363bb5f90 DEOPT UNPACKING pc=0x000001e34f2220a3 sp=0x0000005a9f8fe080 mode 2
Event: 2.983 Thread 0x000001e363bb0420 DEOPT PACKING pc=0x000001e34fd0801e sp=0x0000005aa0afd050
Event: 2.983 Thread 0x000001e363bb0420 DEOPT UNPACKING pc=0x000001e34f222843 sp=0x0000005aa0afc548 mode 0
Event: 2.983 Thread 0x000001e363bb0420 Uncommon trap: trap_request=0xffffff45 fr.pc=0x000001e356d7cff4 relative=0x0000000000000e34
Event: 2.983 Thread 0x000001e363bb0420 Uncommon trap: reason=unstable_if action=reinterpret pc=0x000001e356d7cff4 method=java.util.Properties.loadConvert([CIILjava/lang/StringBuilder;)Ljava/lang/String; @ 477 c2
Event: 2.983 Thread 0x000001e363bb0420 DEOPT PACKING pc=0x000001e356d7cff4 sp=0x0000005aa0afd070
Event: 2.983 Thread 0x000001e363bb0420 DEOPT UNPACKING pc=0x000001e34f2220a3 sp=0x0000005aa0afd060 mode 2
Event: 3.006 Thread 0x000001e363bb0420 DEOPT PACKING pc=0x000001e34fd0801e sp=0x0000005aa0afd780
Event: 3.006 Thread 0x000001e363bb0420 DEOPT UNPACKING pc=0x000001e34f222843 sp=0x0000005aa0afcc78 mode 0
Event: 3.007 Thread 0x000001e363bb0420 DEOPT PACKING pc=0x000001e34fd0801e sp=0x0000005aa0afd780
Event: 3.007 Thread 0x000001e363bb0420 DEOPT UNPACKING pc=0x000001e34f222843 sp=0x0000005aa0afcc78 mode 0

Classes unloaded (7 events):
Event: 1.549 Thread 0x000001e3603bdd50 Unloading class 0x0000000100210800 'java/lang/invoke/LambdaForm$MH+0x0000000100210800'
Event: 1.549 Thread 0x000001e3603bdd50 Unloading class 0x0000000100210400 'java/lang/invoke/LambdaForm$MH+0x0000000100210400'
Event: 1.549 Thread 0x000001e3603bdd50 Unloading class 0x0000000100210000 'java/lang/invoke/LambdaForm$MH+0x0000000100210000'
Event: 1.549 Thread 0x000001e3603bdd50 Unloading class 0x000000010020fc00 'java/lang/invoke/LambdaForm$MH+0x000000010020fc00'
Event: 1.549 Thread 0x000001e3603bdd50 Unloading class 0x000000010020f400 'java/lang/invoke/LambdaForm$BMH+0x000000010020f400'
Event: 1.549 Thread 0x000001e3603bdd50 Unloading class 0x000000010020f000 'java/lang/invoke/LambdaForm$DMH+0x000000010020f000'
Event: 1.549 Thread 0x000001e3603bdd50 Unloading class 0x000000010020c400 'java/lang/invoke/LambdaForm$DMH+0x000000010020c400'

Classes redefined (0 events):
No events

Internal exceptions (20 events):
Event: 1.973 Thread 0x000001e362244ce0 Exception <a 'java/lang/ClassNotFoundException'{0x00000000ebe5e860}: com/sun/org/apache/xerces/internal/impl/msg/spi/DOMMessagesProvider> (0x00000000ebe5e860) 
thrown [s\src\hotspot\share\classfile\systemDictionary.cpp, line 256]
Event: 1.974 Thread 0x000001e362244ce0 Implicit null exception at 0x000001e356d5db78 to 0x000001e356d5e7ec
Event: 1.976 Thread 0x000001e362244ce0 Exception <a 'java/lang/ClassNotFoundException'{0x00000000ebe99230}: com/sun/org/apache/xerces/internal/impl/msg/spi/XMLSerializerMessagesProvider> (0x00000000ebe99230) 
thrown [s\src\hotspot\share\classfile\systemDictionary.cpp, line 256]
Event: 1.977 Thread 0x000001e362244ce0 Exception <a 'java/lang/ClassNotFoundException'{0x00000000ebeb1528}: com/sun/org/apache/xerces/internal/impl/msg/spi/XMLMessagesProvider> (0x00000000ebeb1528) 
thrown [s\src\hotspot\share\classfile\systemDictionary.cpp, line 256]
Event: 2.519 Thread 0x000001e362244ce0 Exception <a 'java/lang/NoSuchMethodError'{0x00000000ec1fea40}: 'java.lang.Object java.lang.invoke.DirectMethodHandle$Holder.invokeStaticInit(java.lang.Object, int, int, int, int)'> (0x00000000ec1fea40) 
thrown [s\src\hotspot\share\interpreter\linkResolver.cpp, line 759]
Event: 2.554 Thread 0x000001e362244ce0 Exception <a 'java/lang/NoSuchMethodError'{0x00000000ec3296c8}: 'java.lang.Object java.lang.invoke.DirectMethodHandle$Holder.invokeStaticInit(java.lang.Object, java.lang.Object, int, int, int, int)'> (0x00000000ec3296c8) 
thrown [s\src\hotspot\share\interpreter\linkResolver.cpp, line 759]
Event: 2.598 Thread 0x000001e362244ce0 Exception <a 'java/lang/ClassNotFoundException'{0x00000000ead8c358}: com/sun/org/apache/xml/internal/serializer/spi/XMLEntitiesProvider> (0x00000000ead8c358) 
thrown [s\src\hotspot\share\classfile\systemDictionary.cpp, line 256]
Event: 2.658 Thread 0x000001e362244ce0 Exception <a 'java/io/FileNotFoundException'{0x00000000eb106288}> (0x00000000eb106288) 
thrown [s\src\hotspot\share\prims\jni.cpp, line 516]
Event: 2.723 Thread 0x000001e362244ce0 Exception <a 'java/lang/UnsatisfiedLinkError'{0x00000000eb4459f8}: Não foi possível encontrar o procedimento especificado.
> (0x00000000eb4459f8) 
thrown [s\src\hotspot\share\prims\jni.cpp, line 535]
Event: 2.726 Thread 0x000001e362244ce0 Exception <a 'java/io/FileNotFoundException'{0x00000000eb469430}> (0x00000000eb469430) 
thrown [s\src\hotspot\share\prims\jni.cpp, line 516]
Event: 2.733 Thread 0x000001e362244ce0 Exception <a 'java/io/FileNotFoundException'{0x00000000eb4dbb28}> (0x00000000eb4dbb28) 
thrown [s\src\hotspot\share\prims\jni.cpp, line 516]
Event: 2.740 Thread 0x000001e362244ce0 Exception <a 'java/lang/UnsatisfiedLinkError'{0x00000000eb566348}: Não foi possível encontrar o procedimento especificado.
> (0x00000000eb566348) 
thrown [s\src\hotspot\share\prims\jni.cpp, line 535]
Event: 2.778 Thread 0x000001e34c52f3d0 Exception <a 'java/lang/NoSuchMethodError'{0x00000000eb7deb48}: 'void java.lang.invoke.DirectMethodHandle$Holder.invokeStatic(java.lang.Object, java.lang.Object, java.lang.Object, java.lang.Object)'> (0x00000000eb7deb48) 
thrown [s\src\hotspot\share\interpreter\linkResolver.cpp, line 759]
Event: 2.853 Thread 0x000001e34c52f3d0 Exception <a 'java/lang/NoSuchMethodError'{0x00000000ebf24da0}: 'void java.lang.invoke.DirectMethodHandle$Holder.invokeSpecial(java.lang.Object, java.lang.Object, java.lang.Object, java.lang.Object, java.lang.Object, java.lang.Object)'> (0x00000000ebf24da0) 
thrown [s\src\hotspot\share\interpreter\linkResolver.cpp, line 759]
Event: 2.854 Thread 0x000001e34c52f3d0 Exception <a 'java/lang/NoSuchMethodError'{0x00000000ebf2c458}: 'java.lang.Object java.lang.invoke.DirectMethodHandle$Holder.newInvokeSpecial(java.lang.Object, java.lang.Object, java.lang.Object, java.lang.Object, java.lang.Object)'> (0x00000000ebf2c458) 
thrown [s\src\hotspot\share\interpreter\linkResolver.cpp, line 759]
Event: 2.924 Thread 0x000001e363bb5f90 Exception <a 'java/io/FileNotFoundException'{0x00000000eab94c00}> (0x00000000eab94c00) 
thrown [s\src\hotspot\share\prims\jni.cpp, line 516]
Event: 2.983 Thread 0x000001e363bb5f90 Exception <a 'java/lang/NoSuchMethodError'{0x00000000eafc7048}: 'int java.lang.invoke.DirectMethodHandle$Holder.invokeVirtual(java.lang.Object, java.lang.Object)'> (0x00000000eafc7048) 
thrown [s\src\hotspot\share\interpreter\linkResolver.cpp, line 759]
Event: 3.066 Thread 0x000001e363bb0420 Exception <a 'java/lang/NoSuchMethodError'{0x00000000eb3fc908}: 'java.lang.Object java.lang.invoke.Invokers$Holder.invoke_MT(java.lang.Object, java.lang.Object, java.lang.Object)'> (0x00000000eb3fc908) 
thrown [s\src\hotspot\share\interpreter\linkResolver.cpp, line 759]
Event: 3.068 Thread 0x000001e363bb0420 Exception <a 'java/io/IOException'{0x00000000eb400080}> (0x00000000eb400080) 
thrown [s\src\hotspot\share\prims\jni.cpp, line 516]
Event: 3.069 Thread 0x000001e363bb0420 Exception <a 'java/lang/NullPointerException'{0x00000000eb4142b8}> (0x00000000eb4142b8) 
thrown [s\src\hotspot\share\interpreter\linkResolver.cpp, line 1350]

VM Operations (20 events):
Event: 1.827 Executing VM operation: ParallelGCFailedAllocation
Event: 1.828 Executing VM operation: ParallelGCFailedAllocation done
Event: 1.994 Executing VM operation: HandshakeAllThreads
Event: 1.994 Executing VM operation: HandshakeAllThreads done
Event: 2.010 Executing VM operation: HandshakeAllThreads
Event: 2.010 Executing VM operation: HandshakeAllThreads done
Event: 2.560 Executing VM operation: ParallelGCFailedAllocation
Event: 2.561 Executing VM operation: ParallelGCFailedAllocation done
Event: 2.621 Executing VM operation: HandshakeAllThreads
Event: 2.621 Executing VM operation: HandshakeAllThreads done
Event: 2.709 Executing VM operation: HandshakeAllThreads
Event: 2.709 Executing VM operation: HandshakeAllThreads done
Event: 2.712 Executing VM operation: HandshakeAllThreads
Event: 2.712 Executing VM operation: HandshakeAllThreads done
Event: 2.910 Executing VM operation: ParallelGCFailedAllocation
Event: 2.912 Executing VM operation: ParallelGCFailedAllocation done
Event: 2.919 Executing VM operation: HandshakeAllThreads
Event: 2.919 Executing VM operation: HandshakeAllThreads done
Event: 3.049 Executing VM operation: HandshakeAllThreads
Event: 3.049 Executing VM operation: HandshakeAllThreads done

Events (20 events):
Event: 3.065 loading class sun/nio/ch/Interruptible done
Event: 3.065 loading class java/nio/channels/spi/AbstractInterruptibleChannel$1 done
Event: 3.065 loading class sun/nio/ch/IOStatus
Event: 3.066 loading class sun/nio/ch/IOStatus done
Event: 3.066 loading class jdk/internal/misc/ExtendedMapMode
Event: 3.066 loading class jdk/internal/misc/ExtendedMapMode done
Event: 3.068 loading class java/lang/Throwable$WrappedPrintStream
Event: 3.068 loading class java/lang/Throwable$PrintStreamOrWriter
Event: 3.068 loading class java/lang/Throwable$PrintStreamOrWriter done
Event: 3.068 loading class java/lang/Throwable$WrappedPrintStream done
Event: 3.069 loading class java/lang/Throwable$WrappedPrintWriter
Event: 3.070 loading class java/lang/Throwable$WrappedPrintWriter done
Event: 3.071 loading class java/text/DontCareFieldPosition
Event: 3.071 loading class java/text/DontCareFieldPosition done
Event: 3.071 loading class java/text/DontCareFieldPosition$1
Event: 3.071 loading class java/text/Format$FieldDelegate
Event: 3.071 loading class java/text/Format$FieldDelegate done
Event: 3.071 loading class java/text/DontCareFieldPosition$1 done
Event: 3.071 loading class java/text/NumberFormat$Field
Event: 3.071 loading class java/text/NumberFormat$Field done


Dynamic libraries:
0x00007ff7c2bf0000 - 0x00007ff7c2bfe000 	c:\Users\Master\.vscode\extensions\redhat.java-1.10.0-win32-x64\jre\17.0.4-win32-x86_64\bin\java.exe
0x00007ff851ef0000 - 0x00007ff8520e8000 	C:\Windows\SYSTEM32\ntdll.dll
0x00007ff851830000 - 0x00007ff8518ed000 	C:\Windows\System32\KERNEL32.DLL
0x00007ff84f7f0000 - 0x00007ff84fabe000 	C:\Windows\System32\KERNELBASE.dll
0x00007ff84fac0000 - 0x00007ff84fbc0000 	C:\Windows\System32\ucrtbase.dll
0x00007ff84a890000 - 0x00007ff84a8a9000 	c:\Users\Master\.vscode\extensions\redhat.java-1.10.0-win32-x64\jre\17.0.4-win32-x86_64\bin\VCRUNTIME140.dll
0x00007ff84a0c0000 - 0x00007ff84a0d8000 	c:\Users\Master\.vscode\extensions\redhat.java-1.10.0-win32-x64\jre\17.0.4-win32-x86_64\bin\jli.dll
0x00007ff851990000 - 0x00007ff851b30000 	C:\Windows\System32\USER32.dll
0x00007ff8406e0000 - 0x00007ff84097a000 	C:\Windows\WinSxS\amd64_microsoft.windows.common-controls_6595b64144ccf1df_6.0.19041.1110_none_60b5254171f9507e\COMCTL32.dll
0x00007ff84ff20000 - 0x00007ff84ff42000 	C:\Windows\System32\win32u.dll
0x00007ff851790000 - 0x00007ff85182e000 	C:\Windows\System32\msvcrt.dll
0x00007ff850090000 - 0x00007ff8500ba000 	C:\Windows\System32\GDI32.dll
0x00007ff84fd90000 - 0x00007ff84fe9b000 	C:\Windows\System32\gdi32full.dll
0x00007ff84f750000 - 0x00007ff84f7ed000 	C:\Windows\System32\msvcp_win.dll
0x00007ff850ff0000 - 0x00007ff851020000 	C:\Windows\System32\IMM32.DLL
0x00007ff84d0c0000 - 0x00007ff84d0cc000 	c:\Users\Master\.vscode\extensions\redhat.java-1.10.0-win32-x64\jre\17.0.4-win32-x86_64\bin\vcruntime140_1.dll
0x00007ff844010000 - 0x00007ff8440a1000 	c:\Users\Master\.vscode\extensions\redhat.java-1.10.0-win32-x64\jre\17.0.4-win32-x86_64\bin\msvcp140.dll
0x00007fffea920000 - 0x00007fffeb566000 	c:\Users\Master\.vscode\extensions\redhat.java-1.10.0-win32-x64\jre\17.0.4-win32-x86_64\bin\server\jvm.dll
0x00007ff850590000 - 0x00007ff85063e000 	C:\Windows\System32\ADVAPI32.dll
0x00007ff8518f0000 - 0x00007ff85198c000 	C:\Windows\System32\sechost.dll
0x00007ff851b30000 - 0x00007ff851c55000 	C:\Windows\System32\RPCRT4.dll
0x00007ff851560000 - 0x00007ff851568000 	C:\Windows\System32\PSAPI.DLL
0x00007ff83d210000 - 0x00007ff83d237000 	C:\Windows\SYSTEM32\WINMM.dll
0x00007ff84af20000 - 0x00007ff84af29000 	C:\Windows\SYSTEM32\WSOCK32.dll
0x00007ff84cff0000 - 0x00007ff84cffa000 	C:\Windows\SYSTEM32\VERSION.dll
0x00007ff851570000 - 0x00007ff8515db000 	C:\Windows\System32\WS2_32.dll
0x00007ff84d530000 - 0x00007ff84d542000 	C:\Windows\SYSTEM32\kernel.appcore.dll
0x00007ff84d060000 - 0x00007ff84d06a000 	c:\Users\Master\.vscode\extensions\redhat.java-1.10.0-win32-x64\jre\17.0.4-win32-x86_64\bin\jimage.dll
0x00007ff8497e0000 - 0x00007ff8499c4000 	C:\Windows\SYSTEM32\DBGHELP.DLL
0x00007ff849770000 - 0x00007ff84979c000 	C:\Windows\SYSTEM32\dbgcore.DLL
0x00007ff84f610000 - 0x00007ff84f692000 	C:\Windows\System32\bcryptPrimitives.dll
0x00007ff84cfc0000 - 0x00007ff84cfce000 	c:\Users\Master\.vscode\extensions\redhat.java-1.10.0-win32-x64\jre\17.0.4-win32-x86_64\bin\instrument.dll
0x00007ff848850000 - 0x00007ff848875000 	c:\Users\Master\.vscode\extensions\redhat.java-1.10.0-win32-x64\jre\17.0.4-win32-x86_64\bin\java.dll
0x00007ff848830000 - 0x00007ff848848000 	c:\Users\Master\.vscode\extensions\redhat.java-1.10.0-win32-x64\jre\17.0.4-win32-x86_64\bin\zip.dll
0x00007ff850760000 - 0x00007ff850ea3000 	C:\Windows\System32\SHELL32.dll
0x00007ff84d6e0000 - 0x00007ff84de75000 	C:\Windows\SYSTEM32\windows.storage.dll
0x00007ff8510b0000 - 0x00007ff851404000 	C:\Windows\System32\combase.dll
0x00007ff84f070000 - 0x00007ff84f0a0000 	C:\Windows\SYSTEM32\Wldp.dll
0x00007ff851e00000 - 0x00007ff851ead000 	C:\Windows\System32\SHCORE.dll
0x00007ff851030000 - 0x00007ff851085000 	C:\Windows\System32\shlwapi.dll
0x00007ff84f550000 - 0x00007ff84f56f000 	C:\Windows\SYSTEM32\profapi.dll
0x00007ff848810000 - 0x00007ff848829000 	C:\Users\Master\.vscode\extensions\redhat.java-1.10.0-win32-x64\jre\17.0.4-win32-x86_64\bin\net.dll
0x00007ff849df0000 - 0x00007ff849efa000 	C:\Windows\SYSTEM32\WINHTTP.dll
0x00007ff84ed80000 - 0x00007ff84edea000 	C:\Windows\system32\mswsock.dll
0x00007ff848720000 - 0x00007ff848735000 	C:\Users\Master\.vscode\extensions\redhat.java-1.10.0-win32-x64\jre\17.0.4-win32-x86_64\bin\nio.dll
0x00007ff84a990000 - 0x00007ff84a9a0000 	c:\Users\Master\.vscode\extensions\redhat.java-1.10.0-win32-x64\jre\17.0.4-win32-x86_64\bin\verify.dll
0x00007ff848600000 - 0x00007ff84863e000 	C:\Users\Master\AppData\Roaming\Code\User\globalStorage\redhat.java\1.10.0\config_ss_win\org.eclipse.equinox.launcher\org.eclipse.equinox.launcher.win32.win32.x86_64_1.2.500.v20220509-0833\eclipse_11700.dll
0x00007ff851c60000 - 0x00007ff851d8a000 	C:\Windows\System32\ole32.dll
0x00007ff84ef30000 - 0x00007ff84ef48000 	C:\Windows\SYSTEM32\CRYPTSP.dll
0x00007ff84e6a0000 - 0x00007ff84e6d4000 	C:\Windows\system32\rsaenh.dll
0x00007ff84fef0000 - 0x00007ff84ff17000 	C:\Windows\System32\bcrypt.dll
0x00007ff84f510000 - 0x00007ff84f53e000 	C:\Windows\SYSTEM32\USERENV.dll
0x00007ff84ef50000 - 0x00007ff84ef5c000 	C:\Windows\SYSTEM32\CRYPTBASE.dll
0x00007ff84ea30000 - 0x00007ff84ea6b000 	C:\Windows\SYSTEM32\IPHLPAPI.DLL
0x00007ff851df0000 - 0x00007ff851df8000 	C:\Windows\System32\NSI.dll
0x00007ff84a460000 - 0x00007ff84a477000 	C:\Windows\SYSTEM32\dhcpcsvc6.DLL
0x00007ff84a360000 - 0x00007ff84a37d000 	C:\Windows\SYSTEM32\dhcpcsvc.DLL
0x00007ff84ea70000 - 0x00007ff84eb3a000 	C:\Windows\SYSTEM32\DNSAPI.dll
0x00007ff8484b0000 - 0x00007ff8484f4000 	C:\Users\Master\AppData\Local\Temp\jna--1997400446\jna3784889698979283141.dll

dbghelp: loaded successfully - version: 4.0.5 - missing functions: none
symbol engine: initialized successfully - sym options: 0x614 - pdb path: .;c:\Users\Master\.vscode\extensions\redhat.java-1.10.0-win32-x64\jre\17.0.4-win32-x86_64\bin;C:\Windows\SYSTEM32;C:\Windows\WinSxS\amd64_microsoft.windows.common-controls_6595b64144ccf1df_6.0.19041.1110_none_60b5254171f9507e;c:\Users\Master\.vscode\extensions\redhat.java-1.10.0-win32-x64\jre\17.0.4-win32-x86_64\bin\server;C:\Users\Master\AppData\Roaming\Code\User\globalStorage\redhat.java\1.10.0\config_ss_win\org.eclipse.equinox.launcher\org.eclipse.equinox.launcher.win32.win32.x86_64_1.2.500.v20220509-0833;C:\Users\Master\AppData\Local\Temp\jna--1997400446

VM Arguments:
jvm_args: --add-modules=ALL-SYSTEM --add-opens=java.base/java.util=ALL-UNNAMED --add-opens=java.base/java.lang=ALL-UNNAMED --add-opens=java.base/sun.nio.fs=ALL-UNNAMED -Declipse.application=org.eclipse.jdt.ls.core.id1 -Dosgi.bundles.defaultStartLevel=4 -Declipse.product=org.eclipse.jdt.ls.core.product -Djava.import.generatesMetadataFilesAtProjectRoot=false -Dfile.encoding=utf8 -DwatchParentProcess=false -XX:+UseParallelGC -XX:GCTimeRatio=4 -XX:AdaptiveSizePolicyWeight=90 -Dsun.zip.disableMemoryMapping=true -Xmx1G -Xms100m -Xlog:jni+resolve=off -javaagent:c:\Users\Master\.vscode\extensions\redhat.java-1.10.0-win32-x64\lombok\lombok-1.18.24.jar 
java_command: c:\Users\Master\.vscode\extensions\redhat.java-1.10.0-win32-x64\server\plugins\org.eclipse.equinox.launcher_1.6.400.v20210924-0641.jar -configuration c:\Users\Master\AppData\Roaming\Code\User\globalStorage\redhat.java\1.10.0\config_ss_win -data c:\Users\Master\AppData\Roaming\Code\User\workspaceStorage\26dc053a8745da9b9e349b27af862b50\redhat.java\ss_ws
java_class_path (initial): c:\Users\Master\.vscode\extensions\redhat.java-1.10.0-win32-x64\server\plugins\org.eclipse.equinox.launcher_1.6.400.v20210924-0641.jar
Launcher Type: SUN_STANDARD

[Global flags]
    uintx AdaptiveSizePolicyWeight                 = 90                                        {product} {command line}
     intx CICompilerCount                          = 4                                         {product} {ergonomic}
    uintx GCTimeRatio                              = 4                                         {product} {command line}
   size_t InitialHeapSize                          = 104857600                                 {product} {command line}
   size_t MaxHeapSize                              = 1073741824                                {product} {command line}
   size_t MaxNewSize                               = 357564416                                 {product} {ergonomic}
   size_t MinHeapDeltaBytes                        = 524288                                    {product} {ergonomic}
   size_t MinHeapSize                              = 104857600                                 {product} {command line}
   size_t NewSize                                  = 34603008                                  {product} {ergonomic}
    uintx NonNMethodCodeHeapSize                   = 5839372                                {pd product} {ergonomic}
    uintx NonProfiledCodeHeapSize                  = 122909434                              {pd product} {ergonomic}
   size_t OldSize                                  = 70254592                                  {product} {ergonomic}
    uintx ProfiledCodeHeapSize                     = 122909434                              {pd product} {ergonomic}
    uintx ReservedCodeCacheSize                    = 251658240                              {pd product} {ergonomic}
     bool SegmentedCodeCache                       = true                                      {product} {ergonomic}
   size_t SoftMaxHeapSize                          = 1073741824                             {manageable} {ergonomic}
     bool UseCompressedClassPointers               = true                           {product lp64_product} {ergonomic}
     bool UseCompressedOops                        = true                           {product lp64_product} {ergonomic}
     bool UseLargePagesIndividualAllocation        = false                                  {pd product} {ergonomic}
     bool UseParallelGC                            = true                                      {product} {command line}

Logging:
Log output configuration:
 #0: stdout all=warning,jni+resolve=off uptime,level,tags
 #1: stderr all=off uptime,level,tags

Environment Variables:
JAVA_HOME=C:\Program Files\Java\jdk-11.0.11
PATH=C:\Windows\system32;C:\Windows;C:\Windows\System32\Wbem;C:\Windows\System32\WindowsPowerShell\v1.0\;C:\Windows\System32\OpenSSH\;C:\Program Files\NVIDIA Corporation\NVIDIA NvDLISR;C:\Program Files (x86)\NVIDIA Corporation\PhysX\Common;C:\Users\Master\AppData\Local\Programs\Python\Python39\Scripts;C:\Program Files (x86)\IncrediBuild;C:\Program Files\nodejs\;C:\xampp\php;C:\composer;C:\Program Files\Docker\Docker\resources\bin;C:\ProgramData\DockerDesktop\version-bin;C:\Users\Master\AppData\Local\Android\Sdk\platform-tools;C:\Program Files\Git\cmd;C:\Users\Master\AppData\Local\Microsoft\WindowsApps;C:\Users\Master\AppData\Local\Programs\Microsoft VS Code\bin;C:\Program Files\Java\jdk-11.0.11\bin;C:\Users\Master\AppData\Local\Pub\Cache\bin;C:\Users\Master\AppData\Roaming\npm;C:\Users\Master\AppData\Roaming\Composer\vendor\bin;C:\Program Files\Git\usr\bin;C:\Users\Master\AppData\Local\GitHubDesktop\bin
USERNAME=Master
OS=Windows_NT
PROCESSOR_IDENTIFIER=AMD64 Family 23 Model 113 Stepping 0, AuthenticAMD
TMP=C:\Users\Master\AppData\Local\Temp
TEMP=C:\Users\Master\AppData\Local\Temp



---------------  S Y S T E M  ---------------

OS:
 Windows 10 , 64 bit Build 19041 (10.0.19041.1889)
OS uptime: 3 days 16:06 hours
Hyper-V role detected

CPU: total 12 (initial active 12) (12 cores per cpu, 2 threads per core) family 23 model 113 stepping 0 microcode 0x0, cx8, cmov, fxsr, ht, mmx, 3dnowpref, sse, sse2, sse3, ssse3, sse4a, sse4.1, sse4.2, popcnt, lzcnt, tsc, tscinvbit, avx, avx2, aes, clmul, bmi1, bmi2, adx, sha, fma, vzeroupper, clflush, clflushopt, hv

Memory: 4k page, system-wide physical 8109M (358M free)
TotalPageFile size 32685M (AvailPageFile size 5M)
current process WorkingSet (physical memory assigned to process): 149M, peak: 150M
current process commit charge ("private bytes"): 261M, peak: 263M

vm_info: OpenJDK 64-Bit Server VM (17.0.4+8) for windows-amd64 JRE (17.0.4+8), built on Jul 19 2022 16:05:16 by "temurin" with MS VC++ 16.7 (VS2019)

END.
